TN:
SF:/home/denys/Documents/cf-api/newrelic.js
FNF:0
FNH:0
DA:1,63
DA:10,63
LF:2
LH:2
BRF:0
BRH:0
end_of_record
TN:
SF:/home/denys/Documents/cf-api/abac/abac.controller.js
FN:11,(anonymous_0)
FN:14,(anonymous_1)
FN:41,(anonymous_2)
FN:49,(anonymous_3)
FN:55,(anonymous_4)
FN:82,(anonymous_5)
FNF:6
FNH:5
FNDA:0,(anonymous_0)
FNDA:7,(anonymous_1)
FNDA:8,(anonymous_2)
FNDA:7,(anonymous_3)
FNDA:8,(anonymous_4)
FNDA:4,(anonymous_5)
DA:1,1
DA:2,1
DA:3,1
DA:4,1
DA:7,1
DA:8,1
DA:11,1
DA:14,1
DA:15,7
DA:16,7
DA:17,2
DA:19,1
DA:20,1
DA:22,1
DA:23,1
DA:25,0
DA:26,0
DA:28,0
DA:29,0
DA:31,0
DA:32,0
DA:34,0
DA:37,7
DA:41,1
DA:42,8
DA:43,8
DA:44,0
DA:46,8
DA:49,1
DA:50,7
DA:51,7
DA:55,1
DA:57,8
DA:58,1
DA:60,7
DA:61,0
DA:64,7
DA:66,7
DA:67,7
DA:68,1
DA:69,1
DA:72,6
DA:73,6
DA:74,1
DA:77,5
DA:79,5
DA:80,5
DA:82,4
DA:83,4
DA:84,4
DA:85,0
DA:86,0
DA:89,4
DA:90,4
DA:92,1
DA:93,1
DA:96,3
DA:98,2
DA:103,1
DA:104,1
DA:106,0
DA:107,0
DA:110,1
DA:112,0
DA:116,1
DA:119,4
DA:120,2
DA:122,4
LF:68
LH:54
BRDA:16,0,0,2
BRDA:16,0,1,5
BRDA:17,1,0,1
BRDA:17,1,1,1
BRDA:17,1,2,0
BRDA:17,1,3,0
BRDA:17,1,4,0
BRDA:17,1,5,0
BRDA:43,2,0,0
BRDA:43,2,1,8
BRDA:57,3,0,1
BRDA:57,3,1,7
BRDA:60,4,0,0
BRDA:60,4,1,7
BRDA:67,5,0,1
BRDA:67,5,1,6
BRDA:73,6,0,1
BRDA:73,6,1,5
BRDA:80,7,0,4
BRDA:80,7,1,1
BRDA:80,8,0,5
BRDA:80,8,1,1
BRDA:80,8,2,4
BRDA:84,9,0,0
BRDA:84,9,1,4
BRDA:90,10,0,1
BRDA:90,10,1,3
BRDA:96,11,0,2
BRDA:96,11,1,1
BRDA:96,12,0,3
BRDA:96,12,1,2
BRDA:96,12,2,2
BRDA:96,12,3,2
BRDA:104,13,0,0
BRDA:104,13,1,1
BRDA:110,14,0,0
BRDA:110,14,1,1
BRDA:110,15,0,1
BRDA:110,15,1,0
BRDA:110,15,2,0
BRDA:110,15,3,0
BRDA:119,16,0,2
BRDA:119,16,1,2
BRF:43
BRH:31
end_of_record
TN:
SF:/home/denys/Documents/cf-api/abac/abac.dal.js
FN:11,create
FN:12,(anonymous_1)
FN:23,(anonymous_2)
FN:24,(anonymous_3)
FN:35,(anonymous_4)
FN:55,(anonymous_5)
FN:57,(anonymous_6)
FN:58,(anonymous_7)
FN:63,(anonymous_8)
FN:65,(anonymous_9)
FN:66,(anonymous_10)
FN:71,(anonymous_11)
FN:73,(anonymous_12)
FN:74,(anonymous_13)
FN:78,(anonymous_14)
FN:80,(anonymous_15)
FN:81,(anonymous_16)
FN:86,(anonymous_17)
FN:91,(anonymous_18)
FN:95,(anonymous_19)
FN:100,(anonymous_20)
FN:116,(anonymous_21)
FN:127,(anonymous_22)
FN:150,(anonymous_23)
FN:157,(anonymous_24)
FN:158,(anonymous_25)
FN:180,(anonymous_26)
FN:186,(anonymous_27)
FNF:28
FNH:17
FNDA:41,create
FNDA:82,(anonymous_1)
FNDA:82,(anonymous_2)
FNDA:3,(anonymous_3)
FNDA:35,(anonymous_4)
FNDA:0,(anonymous_5)
FNDA:0,(anonymous_6)
FNDA:0,(anonymous_7)
FNDA:4,(anonymous_8)
FNDA:4,(anonymous_9)
FNDA:7,(anonymous_10)
FNDA:0,(anonymous_11)
FNDA:0,(anonymous_12)
FNDA:0,(anonymous_13)
FNDA:0,(anonymous_14)
FNDA:0,(anonymous_15)
FNDA:0,(anonymous_16)
FNDA:3,(anonymous_17)
FNDA:0,(anonymous_18)
FNDA:1,(anonymous_19)
FNDA:0,(anonymous_20)
FNDA:1,(anonymous_21)
FNDA:1,(anonymous_22)
FNDA:6,(anonymous_23)
FNDA:12,(anonymous_24)
FNDA:12,(anonymous_25)
FNDA:4,(anonymous_26)
FNDA:3,(anonymous_27)
DA:1,2
DA:2,2
DA:3,2
DA:4,2
DA:12,41
DA:13,82
DA:20,41
DA:23,41
DA:24,82
DA:25,3
DA:31,41
DA:35,2
DA:36,35
DA:51,35
DA:55,2
DA:56,0
DA:58,0
DA:63,2
DA:64,4
DA:66,7
DA:71,2
DA:72,0
DA:74,0
DA:78,2
DA:79,0
DA:81,0
DA:86,2
DA:87,3
DA:91,2
DA:92,0
DA:95,2
DA:96,1
DA:100,2
DA:102,0
DA:104,0
DA:106,0
DA:116,2
DA:117,1
DA:127,2
DA:128,1
DA:150,2
DA:152,6
DA:154,6
DA:157,6
DA:158,12
DA:159,12
DA:168,6
DA:180,2
DA:182,4
DA:185,4
DA:186,3
DA:187,3
DA:193,4
DA:194,1
DA:197,4
LF:55
LH:45
BRDA:25,0,0,3
BRDA:25,0,1,3
BRDA:25,0,2,2
BRDA:25,0,3,2
BRDA:185,1,0,3
BRDA:185,1,1,1
BRDA:193,2,0,1
BRDA:193,2,1,3
BRF:8
BRH:8
end_of_record
TN:
SF:/home/denys/Documents/cf-api/abac/abac.logic.js
FN:8,(anonymous_0)
FN:12,(anonymous_1)
FN:38,(anonymous_2)
FN:41,(anonymous_3)
FNF:4
FNH:4
FNDA:3,(anonymous_0)
FNDA:10,(anonymous_1)
FNDA:7,(anonymous_2)
FNDA:7,(anonymous_3)
DA:1,1
DA:2,1
DA:3,1
DA:4,1
DA:5,1
DA:6,1
DA:8,1
DA:9,3
DA:12,1
DA:14,10
DA:16,10
DA:17,10
DA:19,1
DA:23,1
DA:24,1
DA:27,10
DA:28,10
DA:30,10
DA:31,10
DA:33,10
DA:38,1
DA:39,7
DA:40,7
DA:41,7
DA:43,7
DA:44,4
DA:46,3
DA:48,7
DA:50,0
DA:51,0
DA:55,1
LF:31
LH:29
BRDA:43,0,0,4
BRDA:43,0,1,3
BRF:2
BRH:2
end_of_record
TN:
SF:/home/denys/Documents/cf-api/abac/abac.model.js
FN:41,(anonymous_0)
FN:52,(anonymous_1)
FN:61,(anonymous_2)
FNF:3
FNH:3
FNDA:9,(anonymous_0)
FNDA:9,(anonymous_1)
FNDA:9,(anonymous_2)
DA:1,2
DA:2,2
DA:4,2
DA:7,2
DA:9,2
DA:43,9
DA:44,9
DA:45,9
DA:52,2
DA:53,9
DA:54,1
DA:56,8
DA:61,2
DA:64,9
DA:65,8
DA:72,9
DA:75,2
LF:17
LH:17
BRDA:53,0,0,1
BRDA:53,0,1,8
BRDA:64,1,0,8
BRDA:64,1,1,1
BRDA:64,2,0,9
BRDA:64,2,1,9
BRDA:64,2,2,9
BRF:7
BRH:7
end_of_record
TN:
SF:/home/denys/Documents/cf-api/abac/group/group.logic.js
FN:13,importGroups
FN:39,(anonymous_1)
FN:61,(anonymous_2)
FN:62,(anonymous_3)
FNF:4
FNH:4
FNDA:8,importGroups
FNDA:8,(anonymous_1)
FNDA:10,(anonymous_2)
FNDA:8,(anonymous_3)
DA:1,1
DA:2,1
DA:3,1
DA:5,1
DA:6,1
DA:7,1
DA:10,1
DA:15,8
DA:16,2
DA:17,3
DA:18,3
DA:20,0
DA:23,8
DA:24,0
DA:29,8
DA:31,8
DA:42,8
DA:43,0
DA:46,8
DA:47,8
DA:48,0
DA:52,8
DA:53,8
DA:62,10
DA:63,8
DA:64,8
DA:65,0
DA:67,8
DA:73,1
LF:29
LH:24
BRDA:15,0,0,2
BRDA:15,0,1,3
BRDA:15,0,2,3
BRDA:15,0,3,0
BRDA:23,1,0,0
BRDA:23,1,1,8
BRDA:42,2,0,0
BRDA:42,2,1,8
BRDA:42,3,0,8
BRDA:42,3,1,3
BRDA:47,4,0,0
BRDA:47,4,1,8
BRDA:64,5,0,0
BRDA:64,5,1,8
BRF:14
BRH:9
end_of_record
TN:
SF:/home/denys/Documents/cf-api/abac/group/group.synchronizer.js
FN:8,prettyResult
FN:9,(anonymous_1)
FN:10,(anonymous_2)
FN:11,(anonymous_3)
FN:30,(anonymous_4)
FN:43,(anonymous_5)
FN:44,(anonymous_6)
FN:53,(anonymous_7)
FN:54,(anonymous_8)
FNF:9
FNH:6
FNDA:10,prettyResult
FNDA:0,(anonymous_1)
FNDA:0,(anonymous_2)
FNDA:0,(anonymous_3)
FNDA:10,(anonymous_4)
FNDA:8,(anonymous_5)
FNDA:1,(anonymous_6)
FNDA:3,(anonymous_7)
FNDA:1,(anonymous_8)
DA:1,1
DA:2,1
DA:3,1
DA:4,1
DA:6,1
DA:9,10
DA:11,0
DA:12,0
DA:14,0
DA:32,10
DA:33,10
DA:34,10
DA:36,10
DA:37,0
DA:40,10
DA:43,10
DA:44,8
DA:45,8
DA:46,0
DA:48,8
DA:53,10
DA:54,3
DA:55,3
DA:56,3
DA:60,10
DA:61,10
DA:66,1
LF:27
LH:22
BRDA:36,0,0,0
BRDA:36,0,1,10
BRDA:45,1,0,0
BRDA:45,1,1,8
BRDA:55,2,0,3
BRDA:55,2,1,0
BRF:6
BRH:3
end_of_record
TN:
SF:/home/denys/Documents/cf-api/abac/group/handler/group.handler.js
FN:20,(anonymous_0)
FN:32,(anonymous_1)
FN:47,(anonymous_2)
FN:54,(anonymous_3)
FN:55,(anonymous_4)
FN:62,(anonymous_5)
FN:63,(anonymous_6)
FNF:7
FNH:7
FNDA:12,(anonymous_0)
FNDA:4,(anonymous_1)
FNDA:2,(anonymous_2)
FNDA:4,(anonymous_3)
FNDA:6,(anonymous_4)
FNDA:4,(anonymous_5)
FNDA:5,(anonymous_6)
DA:1,1
DA:2,1
DA:4,1
DA:6,1
DA:7,1
DA:21,12
DA:22,12
DA:23,12
DA:24,12
DA:33,4
DA:34,4
DA:35,4
DA:49,2
DA:51,2
DA:54,2
DA:55,6
DA:56,4
DA:57,1
DA:62,2
DA:63,5
DA:64,4
DA:65,1
DA:69,2
DA:71,2
DA:78,1
LF:25
LH:25
BRDA:55,0,0,6
BRDA:55,0,1,3
BRDA:56,1,0,1
BRDA:56,1,1,3
BRDA:63,2,0,5
BRDA:63,2,1,2
BRDA:64,3,0,1
BRDA:64,3,1,3
BRF:8
BRH:8
end_of_record
TN:
SF:/home/denys/Documents/cf-api/abac/group/handler/member.handler.js
FN:23,(anonymous_0)
FN:24,(anonymous_1)
FN:35,(anonymous_2)
FN:37,(anonymous_3)
FN:43,(anonymous_4)
FN:55,(anonymous_5)
FN:61,(anonymous_6)
FN:62,(anonymous_7)
FNF:8
FNH:8
FNDA:18,(anonymous_0)
FNDA:38,(anonymous_1)
FNDA:38,(anonymous_2)
FNDA:38,(anonymous_3)
FNDA:19,(anonymous_4)
FNDA:2,(anonymous_5)
FNDA:2,(anonymous_6)
FNDA:6,(anonymous_7)
DA:1,1
DA:2,1
DA:3,1
DA:4,1
DA:5,1
DA:7,1
DA:24,18
DA:25,38
DA:26,38
DA:27,38
DA:29,38
DA:31,38
DA:35,38
DA:36,18
DA:37,18
DA:38,38
DA:40,18
DA:42,18
DA:43,19
DA:44,6
DA:47,18
DA:56,2
DA:57,2
DA:58,2
DA:62,2
DA:63,6
DA:64,6
DA:66,3
DA:72,1
LF:29
LH:29
BRDA:42,0,0,6
BRDA:42,0,1,12
BRDA:42,1,0,18
BRDA:42,1,1,9
BRF:4
BRH:4
end_of_record
TN:
SF:/home/denys/Documents/cf-api/abac/group/import/azure.group.importer.js
FN:17,normalizeNonAzureEmail
FN:22,adaptResult
FN:23,(anonymous_2)
FN:24,(anonymous_3)
FN:48,(anonymous_4)
FN:58,(anonymous_5)
FN:71,(anonymous_6)
FN:71,(anonymous_7)
FN:74,(anonymous_8)
FN:76,(anonymous_9)
FNF:10
FNH:9
FNDA:0,normalizeNonAzureEmail
FNDA:3,adaptResult
FNDA:3,(anonymous_2)
FNDA:9,(anonymous_3)
FNDA:2,(anonymous_4)
FNDA:3,(anonymous_5)
FNDA:6,(anonymous_6)
FNDA:3,(anonymous_7)
FNDA:9,(anonymous_8)
FNDA:3,(anonymous_9)
DA:1,1
DA:3,1
DA:5,1
DA:7,1
DA:8,1
DA:9,1
DA:18,0
DA:19,0
DA:23,3
DA:24,3
DA:25,9
DA:26,9
DA:27,9
DA:33,3
DA:49,2
DA:59,3
DA:60,3
DA:61,3
DA:62,3
DA:63,3
DA:64,3
DA:67,0
DA:71,6
DA:74,9
DA:76,3
DA:77,3
DA:78,3
DA:80,3
DA:82,0
DA:83,0
DA:84,0
DA:93,1
LF:32
LH:26
BRDA:26,0,0,0
BRDA:26,0,1,9
BRDA:49,1,0,2
BRDA:49,1,1,2
BRDA:49,1,2,2
BRDA:49,1,3,2
BRF:6
BRH:5
end_of_record
TN:
SF:/home/denys/Documents/cf-api/abac/group/import/github.group.importer.js
FN:12,adaptResult
FN:13,(anonymous_1)
FN:14,(anonymous_2)
FN:37,(anonymous_3)
FN:46,(anonymous_4)
FN:63,(anonymous_5)
FN:66,(anonymous_6)
FNF:7
FNH:1
FNDA:0,adaptResult
FNDA:0,(anonymous_1)
FNDA:0,(anonymous_2)
FNDA:3,(anonymous_3)
FNDA:0,(anonymous_4)
FNDA:0,(anonymous_5)
FNDA:0,(anonymous_6)
DA:1,1
DA:2,1
DA:4,1
DA:6,1
DA:8,1
DA:9,1
DA:13,0
DA:14,0
DA:15,0
DA:21,0
DA:22,0
DA:38,3
DA:47,0
DA:48,0
DA:49,0
DA:58,0
DA:59,0
DA:61,0
DA:62,0
DA:63,0
DA:65,0
DA:66,0
DA:67,0
DA:70,0
DA:72,0
DA:73,0
DA:74,0
DA:83,1
LF:28
LH:8
BRF:0
BRH:0
end_of_record
TN:
SF:/home/denys/Documents/cf-api/abac/group/import/okta.group.importer.js
FN:13,adaptResult
FN:15,(anonymous_1)
FN:17,(anonymous_2)
FN:18,(anonymous_3)
FN:46,(anonymous_4)
FN:55,(anonymous_5)
FN:58,(anonymous_6)
FN:59,(anonymous_7)
FN:61,(anonymous_8)
FNF:9
FNH:9
FNDA:3,adaptResult
FNDA:3,(anonymous_1)
FNDA:15,(anonymous_2)
FNDA:12,(anonymous_3)
FNDA:3,(anonymous_4)
FNDA:3,(anonymous_5)
FNDA:3,(anonymous_6)
FNDA:3,(anonymous_7)
FNDA:3,(anonymous_8)
DA:1,1
DA:3,1
DA:5,1
DA:7,1
DA:8,1
DA:10,1
DA:14,3
DA:16,3
DA:17,15
DA:19,12
DA:25,3
DA:47,3
DA:56,3
DA:57,3
DA:58,3
DA:59,3
DA:60,3
DA:61,3
DA:62,3
DA:63,3
DA:65,3
DA:67,0
DA:68,0
DA:69,0
DA:78,1
LF:25
LH:22
BRDA:47,0,0,3
BRDA:47,0,1,3
BRDA:47,0,2,3
BRF:3
BRH:3
end_of_record
TN:
SF:/home/denys/Documents/cf-api/abac/group/import/api/azure.api.js
FN:13,(anonymous_0)
FN:35,(anonymous_1)
FN:61,(anonymous_2)
FN:78,(anonymous_3)
FN:91,(anonymous_4)
FNF:5
FNH:0
FNDA:0,(anonymous_0)
FNDA:0,(anonymous_1)
FNDA:0,(anonymous_2)
FNDA:0,(anonymous_3)
FNDA:0,(anonymous_4)
DA:1,1
DA:14,0
DA:26,0
DA:36,0
DA:37,0
DA:38,0
DA:39,0
DA:40,0
DA:48,0
DA:49,0
DA:52,0
DA:62,0
DA:70,0
DA:79,0
DA:87,0
DA:92,0
DA:99,1
LF:17
LH:2
BRDA:35,0,0,0
BRDA:39,1,0,0
BRDA:39,1,1,0
BRF:3
BRH:0
end_of_record
TN:
SF:/home/denys/Documents/cf-api/abac/group/import/api/okta.api.js
FN:7,(anonymous_0)
FN:8,(anonymous_1)
FN:22,(anonymous_2)
FN:34,(anonymous_3)
FN:47,(anonymous_4)
FNF:5
FNH:0
FNDA:0,(anonymous_0)
FNDA:0,(anonymous_1)
FNDA:0,(anonymous_2)
FNDA:0,(anonymous_3)
FNDA:0,(anonymous_4)
DA:1,1
DA:2,1
DA:8,0
DA:9,0
DA:17,0
DA:23,0
DA:31,0
DA:35,0
DA:43,0
DA:48,0
DA:55,1
LF:11
LH:3
BRF:0
BRH:0
end_of_record
TN:
SF:/home/denys/Documents/cf-api/auth/index.js
FN:42,(anonymous_0)
FN:61,hasRole
FN:62,(anonymous_2)
FN:94,populateTeams
FN:95,(anonymous_4)
FN:96,(anonymous_5)
FN:109,(anonymous_6)
FN:115,baseIsAuthenticated
FN:130,(anonymous_8)
FN:131,(anonymous_9)
FN:143,(anonymous_10)
FN:172,(anonymous_11)
FN:175,(anonymous_12)
FN:178,(anonymous_13)
FN:184,(anonymous_14)
FN:188,(anonymous_15)
FN:197,(anonymous_16)
FN:223,(anonymous_17)
FN:237,(anonymous_18)
FN:248,(anonymous_19)
FN:262,(anonymous_20)
FN:268,baseIsInternalAuthenticated
FN:281,(anonymous_22)
FN:293,(anonymous_23)
FN:317,(anonymous_24)
FN:345,isAccountCustomerAdmin
FN:351,(anonymous_26)
FN:356,(anonymous_27)
FN:364,accountFromQueryParam
FN:379,(anonymous_29)
FN:389,(anonymous_30)
FN:394,checkApiKeyInRequest
FN:403,apiKeyAccountAuthentication
FN:405,(anonymous_33)
FN:408,(anonymous_34)
FN:415,(anonymous_35)
FN:420,isAuthenticated
FN:424,isAuthenticatedSkipVerifyCheck
FN:428,isAuthenticatedOrAnonymous
FN:432,addTokenAsCookie
FN:440,isCodefreshAdmin
FN:444,isAccountAdmin
FN:475,isCustomerAdmin
FN:496,(anonymous_43)
FN:512,isUserInAccount
FN:525,(anonymous_45)
FN:539,checkEnvApiKeyInRequest
FN:552,isInternalAuthenticated
FN:556,isAuthenticatedEntityType
FN:557,(anonymous_49)
FNF:50
FNH:13
FNDA:1,(anonymous_0)
FNDA:0,hasRole
FNDA:0,(anonymous_2)
FNDA:0,populateTeams
FNDA:0,(anonymous_4)
FNDA:0,(anonymous_5)
FNDA:0,(anonymous_6)
FNDA:8,baseIsAuthenticated
FNDA:2,(anonymous_8)
FNDA:2,(anonymous_9)
FNDA:1,(anonymous_10)
FNDA:0,(anonymous_11)
FNDA:0,(anonymous_12)
FNDA:0,(anonymous_13)
FNDA:0,(anonymous_14)
FNDA:0,(anonymous_15)
FNDA:0,(anonymous_16)
FNDA:3,(anonymous_17)
FNDA:0,(anonymous_18)
FNDA:0,(anonymous_19)
FNDA:0,(anonymous_20)
FNDA:0,baseIsInternalAuthenticated
FNDA:0,(anonymous_22)
FNDA:0,(anonymous_23)
FNDA:0,(anonymous_24)
FNDA:0,isAccountCustomerAdmin
FNDA:0,(anonymous_26)
FNDA:0,(anonymous_27)
FNDA:0,accountFromQueryParam
FNDA:0,(anonymous_29)
FNDA:0,(anonymous_30)
FNDA:3,checkApiKeyInRequest
FNDA:3,apiKeyAccountAuthentication
FNDA:1,(anonymous_33)
FNDA:1,(anonymous_34)
FNDA:1,(anonymous_35)
FNDA:8,isAuthenticated
FNDA:0,isAuthenticatedSkipVerifyCheck
FNDA:0,isAuthenticatedOrAnonymous
FNDA:3,addTokenAsCookie
FNDA:0,isCodefreshAdmin
FNDA:0,isAccountAdmin
FNDA:0,isCustomerAdmin
FNDA:0,(anonymous_43)
FNDA:0,isUserInAccount
FNDA:0,(anonymous_45)
FNDA:0,checkEnvApiKeyInRequest
FNDA:0,isInternalAuthenticated
FNDA:0,isAuthenticatedEntityType
FNDA:0,(anonymous_49)
DA:3,1
DA:4,1
DA:5,1
DA:6,1
DA:7,1
DA:8,1
DA:9,1
DA:10,1
DA:11,1
DA:12,1
DA:13,1
DA:14,1
DA:15,1
DA:16,1
DA:17,1
DA:18,1
DA:19,1
DA:20,1
DA:21,1
DA:22,1
DA:23,1
DA:27,1
DA:29,1
DA:30,1
DA:31,1
DA:32,1
DA:33,1
DA:34,1
DA:35,1
DA:36,1
DA:37,1
DA:38,1
DA:39,1
DA:40,1
DA:42,1
DA:44,1
DA:45,1
DA:46,1
DA:47,1
DA:48,1
DA:50,1
DA:51,1
DA:53,1
DA:54,1
DA:56,1
DA:62,0
DA:63,0
DA:65,0
DA:66,0
DA:71,0
DA:72,0
DA:73,0
DA:78,0
DA:79,0
DA:80,0
DA:81,0
DA:85,0
DA:95,0
DA:96,0
DA:97,0
DA:98,0
DA:99,0
DA:101,0
DA:102,0
DA:104,0
DA:106,0
DA:110,0
DA:116,8
DA:117,4
DA:120,4
DA:121,1
DA:122,0
DA:125,1
DA:127,0
DA:130,3
DA:131,2
DA:132,2
DA:133,1
DA:134,0
DA:141,1
DA:142,1
DA:144,1
DA:146,1
DA:147,0
DA:154,1
DA:155,1
DA:156,1
DA:157,1
DA:158,1
DA:159,1
DA:160,1
DA:161,1
DA:164,1
DA:165,1
DA:166,1
DA:171,0
DA:173,0
DA:176,0
DA:177,0
DA:179,0
DA:180,0
DA:181,0
DA:185,0
DA:186,0
DA:187,0
DA:189,0
DA:190,0
DA:194,0
DA:198,0
DA:204,1
DA:205,1
DA:213,0
DA:222,3
DA:223,3
DA:224,3
DA:225,1
DA:232,2
DA:236,0
DA:238,0
DA:240,0
DA:241,0
DA:245,0
DA:246,0
DA:247,0
DA:249,0
DA:256,0
DA:257,0
DA:260,0
DA:263,0
DA:269,0
DA:271,0
DA:272,0
DA:273,0
DA:276,0
DA:278,0
DA:281,0
DA:282,0
DA:283,0
DA:284,0
DA:285,0
DA:291,0
DA:292,0
DA:294,0
DA:296,0
DA:297,0
DA:304,0
DA:306,0
DA:307,0
DA:308,0
DA:309,0
DA:310,0
DA:311,0
DA:312,0
DA:314,0
DA:315,0
DA:316,0
DA:318,0
DA:319,0
DA:323,0
DA:326,0
DA:327,0
DA:335,0
DA:346,0
DA:347,0
DA:349,0
DA:350,0
DA:351,0
DA:352,0
DA:353,0
DA:354,0
DA:356,0
DA:357,0
DA:361,0
DA:365,0
DA:366,0
DA:367,0
DA:368,0
DA:369,0
DA:372,0
DA:373,0
DA:378,0
DA:380,0
DA:381,0
DA:385,0
DA:386,0
DA:390,0
DA:395,3
DA:396,3
DA:397,1
DA:399,2
DA:404,3
DA:406,1
DA:409,1
DA:410,0
DA:412,1
DA:413,1
DA:416,1
DA:421,8
DA:425,0
DA:429,0
DA:433,3
DA:441,0
DA:445,0
DA:447,0
DA:448,0
DA:453,0
DA:454,0
DA:457,0
DA:458,0
DA:461,0
DA:462,0
DA:463,0
DA:472,0
DA:476,0
DA:477,0
DA:479,0
DA:480,0
DA:485,0
DA:486,0
DA:488,0
DA:489,0
DA:494,0
DA:495,0
DA:496,0
DA:497,0
DA:500,0
DA:501,0
DA:503,0
DA:513,0
DA:515,0
DA:516,0
DA:521,0
DA:522,0
DA:525,0
DA:526,0
DA:528,0
DA:535,0
DA:540,0
DA:541,0
DA:542,0
DA:544,0
DA:545,0
DA:546,0
DA:548,0
DA:553,0
DA:557,0
DA:558,0
DA:559,0
DA:560,0
DA:562,0
DA:566,1
DA:567,1
DA:568,1
DA:569,1
DA:570,1
DA:571,1
DA:572,1
DA:573,1
DA:574,1
DA:575,1
DA:576,1
DA:577,1
DA:578,1
DA:579,1
DA:580,1
LF:265
LH:103
BRDA:50,0,0,1
BRDA:50,0,1,0
BRDA:65,1,0,0
BRDA:65,1,1,0
BRDA:72,2,0,0
BRDA:72,2,1,0
BRDA:80,3,0,0
BRDA:80,3,1,0
BRDA:97,4,0,0
BRDA:97,4,1,0
BRDA:98,5,0,0
BRDA:98,5,1,0
BRDA:98,6,0,0
BRDA:98,6,1,0
BRDA:101,7,0,0
BRDA:101,7,1,0
BRDA:116,8,0,8
BRDA:116,8,1,1
BRDA:120,9,0,1
BRDA:120,9,1,3
BRDA:120,10,0,4
BRDA:120,10,1,1
BRDA:121,11,0,0
BRDA:121,11,1,1
BRDA:132,12,0,1
BRDA:132,12,1,1
BRDA:133,13,0,0
BRDA:133,13,1,1
BRDA:146,14,0,0
BRDA:146,14,1,1
BRDA:164,15,0,1
BRDA:164,15,1,1
BRDA:165,16,0,1
BRDA:165,16,1,0
BRDA:186,17,0,0
BRDA:186,17,1,0
BRDA:204,18,0,1
BRDA:204,18,1,0
BRDA:222,19,0,3
BRDA:222,19,1,0
BRDA:224,20,0,1
BRDA:224,20,1,2
BRDA:240,21,0,0
BRDA:240,21,1,0
BRDA:246,22,0,0
BRDA:246,22,1,0
BRDA:271,23,0,0
BRDA:271,23,1,0
BRDA:272,24,0,0
BRDA:272,24,1,0
BRDA:282,25,0,0
BRDA:282,25,1,0
BRDA:284,26,0,0
BRDA:284,26,1,0
BRDA:296,27,0,0
BRDA:296,27,1,0
BRDA:315,28,0,0
BRDA:315,28,1,0
BRDA:326,29,0,0
BRDA:326,29,1,0
BRDA:346,30,0,0
BRDA:346,30,1,0
BRDA:349,31,0,0
BRDA:349,31,1,0
BRDA:353,32,0,0
BRDA:353,32,1,0
BRDA:367,33,0,0
BRDA:367,33,1,0
BRDA:367,34,0,0
BRDA:367,34,1,0
BRDA:372,35,0,0
BRDA:372,35,1,0
BRDA:372,36,0,0
BRDA:372,36,1,0
BRDA:380,37,0,0
BRDA:380,37,1,0
BRDA:396,38,0,1
BRDA:396,38,1,2
BRDA:409,39,0,0
BRDA:409,39,1,1
BRDA:432,40,0,0
BRDA:432,41,0,0
BRDA:447,42,0,0
BRDA:447,42,1,0
BRDA:453,43,0,0
BRDA:453,43,1,0
BRDA:457,44,0,0
BRDA:457,44,1,0
BRDA:462,45,0,0
BRDA:462,45,1,0
BRDA:479,46,0,0
BRDA:479,46,1,0
BRDA:485,47,0,0
BRDA:485,47,1,0
BRDA:488,48,0,0
BRDA:488,48,1,0
BRDA:495,49,0,0
BRDA:495,49,1,0
BRDA:500,50,0,0
BRDA:500,50,1,0
BRDA:515,51,0,0
BRDA:515,51,1,0
BRDA:521,52,0,0
BRDA:521,52,1,0
BRDA:525,53,0,0
BRDA:525,53,1,0
BRDA:541,54,0,0
BRDA:541,54,1,0
BRDA:545,55,0,0
BRDA:545,55,1,0
BRDA:559,56,0,0
BRDA:559,56,1,0
BRF:112
BRH:22
end_of_record
TN:
SF:/home/denys/Documents/cf-api/auth/apiKeys-new/controller.js
FN:11,createNewToken
FN:19,(anonymous_1)
FN:33,(anonymous_2)
FN:36,(anonymous_3)
FN:39,(anonymous_4)
FN:52,getTokens
FN:55,(anonymous_6)
FN:59,(anonymous_7)
FN:62,(anonymous_8)
FN:69,deleteToken
FN:71,(anonymous_10)
FN:74,(anonymous_11)
FN:77,(anonymous_12)
FNF:13
FNH:5
FNDA:5,createNewToken
FNDA:5,(anonymous_1)
FNDA:3,(anonymous_2)
FNDA:2,(anonymous_3)
FNDA:3,(anonymous_4)
FNDA:0,getTokens
FNDA:0,(anonymous_6)
FNDA:0,(anonymous_7)
FNDA:0,(anonymous_8)
FNDA:0,deleteToken
FNDA:0,(anonymous_10)
FNDA:0,(anonymous_11)
FNDA:0,(anonymous_12)
DA:1,6
DA:2,6
DA:3,6
DA:4,6
DA:5,6
DA:6,6
DA:7,6
DA:8,6
DA:14,5
DA:18,5
DA:21,5
DA:22,1
DA:27,4
DA:28,1
DA:31,3
DA:34,3
DA:37,2
DA:40,3
DA:41,0
DA:45,3
DA:54,0
DA:57,0
DA:60,0
DA:63,0
DA:70,0
DA:72,0
DA:75,0
DA:78,0
DA:82,6
LF:29
LH:20
BRDA:21,0,0,1
BRDA:21,0,1,4
BRDA:27,1,0,1
BRDA:27,1,1,3
BRDA:27,2,0,4
BRDA:27,2,1,2
BRDA:40,3,0,0
BRDA:40,3,1,3
BRF:8
BRH:7
end_of_record
TN:
SF:/home/denys/Documents/cf-api/auth/apiKeys-new/dal.js
FN:7,(anonymous_0)
FN:11,(anonymous_1)
FN:13,(anonymous_2)
FN:27,(anonymous_3)
FNF:4
FNH:0
FNDA:0,(anonymous_0)
FNDA:0,(anonymous_1)
FNDA:0,(anonymous_2)
FNDA:0,(anonymous_3)
DA:3,1
DA:4,1
DA:5,1
DA:7,1
DA:8,0
DA:11,1
DA:12,0
DA:14,0
DA:15,0
DA:19,0
DA:27,1
DA:28,0
LF:12
LH:6
BRDA:14,0,0,0
BRDA:14,0,1,0
BRF:2
BRH:0
end_of_record
TN:
SF:/home/denys/Documents/cf-api/auth/apiKeys-new/logic.js
FN:22,createSecret
FN:24,(anonymous_1)
FN:31,(anonymous_2)
FN:35,(anonymous_3)
FN:37,(anonymous_4)
FN:66,(anonymous_5)
FN:68,(anonymous_6)
FN:75,(anonymous_7)
FN:76,(anonymous_8)
FN:78,(anonymous_9)
FN:96,(anonymous_10)
FN:102,(anonymous_11)
FN:111,(anonymous_12)
FN:120,(anonymous_13)
FNF:14
FNH:0
FNDA:0,createSecret
FNDA:0,(anonymous_1)
FNDA:0,(anonymous_2)
FNDA:0,(anonymous_3)
FNDA:0,(anonymous_4)
FNDA:0,(anonymous_5)
FNDA:0,(anonymous_6)
FNDA:0,(anonymous_7)
FNDA:0,(anonymous_8)
FNDA:0,(anonymous_9)
FNDA:0,(anonymous_10)
FNDA:0,(anonymous_11)
FNDA:0,(anonymous_12)
FNDA:0,(anonymous_13)
DA:1,1
DA:2,1
DA:3,1
DA:4,1
DA:5,1
DA:6,1
DA:7,1
DA:8,1
DA:9,1
DA:10,1
DA:11,1
DA:13,1
DA:18,1
DA:20,1
DA:23,0
DA:24,0
DA:33,0
DA:34,0
DA:36,0
DA:38,0
DA:39,0
DA:44,0
DA:45,0
DA:50,0
DA:55,0
DA:58,0
DA:67,0
DA:69,0
DA:70,0
DA:71,0
DA:73,0
DA:75,0
DA:77,0
DA:79,0
DA:97,0
DA:103,0
DA:107,0
DA:108,0
DA:112,0
DA:117,0
DA:121,0
DA:131,1
DA:132,1
LF:43
LH:16
BRDA:38,0,0,0
BRDA:38,0,1,0
BRDA:44,1,0,0
BRDA:44,1,1,0
BRDA:70,2,0,0
BRDA:70,2,1,0
BRF:6
BRH:0
end_of_record
TN:
SF:/home/denys/Documents/cf-api/auth/apiKeys-new/model.js
FN:69,(anonymous_0)
FNF:1
FNH:0
FNDA:0,(anonymous_0)
DA:7,1
DA:8,1
DA:10,1
DA:16,1
DA:69,0
DA:87,1
DA:94,1
LF:7
LH:6
BRF:0
BRH:0
end_of_record
TN:
SF:/home/denys/Documents/cf-api/auth/apikey/apiKey.model.js
FNF:0
FNH:0
DA:1,2
DA:2,2
DA:4,2
DA:12,2
LF:4
LH:4
BRF:0
BRH:0
end_of_record
TN:
SF:/home/denys/Documents/cf-api/auth/apikey/index.js
FN:10,generateKey
FN:23,getKeysForSubject
FN:27,getSubjectForKey
FN:29,(anonymous_3)
FN:37,removeKey
FN:39,(anonymous_5)
FNF:6
FNH:6
FNDA:9,generateKey
FNDA:8,getKeysForSubject
FNDA:4,getSubjectForKey
FNDA:4,(anonymous_3)
FNDA:2,removeKey
FNDA:2,(anonymous_5)
DA:3,2
DA:4,2
DA:5,2
DA:6,2
DA:7,2
DA:11,9
DA:12,9
DA:13,2
DA:15,7
DA:24,8
DA:28,4
DA:30,4
DA:31,2
DA:33,2
DA:38,2
DA:40,2
DA:41,0
DA:43,2
DA:44,1
DA:46,1
DA:51,2
DA:52,2
DA:53,2
DA:54,2
LF:24
LH:23
BRDA:12,0,0,2
BRDA:12,0,1,7
BRDA:30,1,0,2
BRDA:30,1,1,2
BRDA:40,2,0,0
BRDA:40,2,1,2
BRDA:43,3,0,1
BRDA:43,3,1,1
BRF:8
BRH:7
end_of_record
TN:
SF:/home/denys/Documents/cf-api/auth/helpers/index.js
FN:3,(anonymous_0)
FN:7,(anonymous_1)
FN:11,(anonymous_2)
FN:13,(anonymous_3)
FNF:4
FNH:1
FNDA:46,(anonymous_0)
FNDA:0,(anonymous_1)
FNDA:0,(anonymous_2)
FNDA:0,(anonymous_3)
DA:1,2
DA:3,2
DA:4,46
DA:7,2
DA:8,0
DA:11,2
DA:12,0
DA:14,0
DA:19,2
DA:20,2
DA:21,2
LF:11
LH:8
BRF:0
BRH:0
end_of_record
TN:
SF:/home/denys/Documents/cf-api/auth/idp/index.js
FN:15,(anonymous_0)
FN:20,(anonymous_1)
FN:32,(anonymous_2)
FN:43,(anonymous_3)
FN:57,(anonymous_4)
FN:66,(anonymous_5)
FN:78,(anonymous_6)
FN:82,(anonymous_7)
FN:101,(anonymous_8)
FN:120,(anonymous_9)
FN:130,(anonymous_10)
FN:134,(anonymous_11)
FN:150,(anonymous_12)
FN:166,(anonymous_13)
FN:170,(anonymous_14)
FN:174,(anonymous_15)
FN:178,(anonymous_16)
FN:193,(anonymous_17)
FN:202,(anonymous_18)
FN:206,(anonymous_19)
FN:215,(anonymous_20)
FN:234,(anonymous_21)
FN:244,(anonymous_22)
FN:244,(anonymous_23)
FN:265,(anonymous_24)
FN:301,(anonymous_25)
FN:301,(anonymous_26)
FN:310,(anonymous_27)
FN:319,(anonymous_28)
FN:342,(anonymous_29)
FN:360,(anonymous_30)
FNF:31
FNH:28
FNDA:3,(anonymous_0)
FNDA:2,(anonymous_1)
FNDA:313,(anonymous_2)
FNDA:3,(anonymous_3)
FNDA:6,(anonymous_4)
FNDA:4,(anonymous_5)
FNDA:1,(anonymous_6)
FNDA:2,(anonymous_7)
FNDA:3,(anonymous_8)
FNDA:0,(anonymous_9)
FNDA:9,(anonymous_10)
FNDA:501,(anonymous_11)
FNDA:5,(anonymous_12)
FNDA:2,(anonymous_13)
FNDA:19,(anonymous_14)
FNDA:4,(anonymous_15)
FNDA:12,(anonymous_16)
FNDA:10,(anonymous_17)
FNDA:6,(anonymous_18)
FNDA:1,(anonymous_19)
FNDA:1,(anonymous_20)
FNDA:316,(anonymous_21)
FNDA:7,(anonymous_22)
FNDA:8,(anonymous_23)
FNDA:6,(anonymous_24)
FNDA:4,(anonymous_25)
FNDA:6,(anonymous_26)
FNDA:3,(anonymous_27)
FNDA:2,(anonymous_28)
FNDA:0,(anonymous_29)
FNDA:0,(anonymous_30)
DA:1,3
DA:2,3
DA:3,3
DA:4,3
DA:5,3
DA:6,3
DA:7,3
DA:9,3
DA:11,3
DA:16,3
DA:17,3
DA:21,2
DA:22,2
DA:23,1
DA:33,313
DA:35,311
DA:44,3
DA:45,3
DA:47,3
DA:49,2
DA:50,2
DA:58,6
DA:60,6
DA:61,2
DA:63,6
DA:67,4
DA:69,3
DA:79,1
DA:86,2
DA:88,2
DA:89,1
DA:92,1
DA:105,3
DA:107,3
DA:108,1
DA:111,2
DA:112,2
DA:115,0
DA:121,0
DA:122,0
DA:123,0
DA:126,0
DA:131,9
DA:135,501
DA:136,483
DA:137,483
DA:138,0
DA:142,501
DA:143,501
DA:144,5
DA:146,496
DA:151,5
DA:152,5
DA:153,5
DA:154,3
DA:158,2
DA:159,2
DA:160,2
DA:162,0
DA:167,2
DA:171,19
DA:175,4
DA:179,12
DA:180,12
DA:181,11
DA:183,1
DA:194,10
DA:203,6
DA:207,1
DA:216,1
DA:218,1
DA:219,1
DA:222,1
DA:223,1
DA:226,1
DA:235,316
DA:240,316
DA:241,6
DA:243,6
DA:244,8
DA:246,6
DA:247,2
DA:253,314
DA:255,314
DA:256,2
DA:258,314
DA:260,314
DA:261,1
DA:266,6
DA:269,6
DA:270,6
DA:272,1
DA:279,5
DA:281,5
DA:282,0
DA:288,5
DA:289,0
DA:296,5
DA:301,6
DA:302,0
DA:311,3
DA:313,3
DA:314,3
DA:316,3
DA:319,3
DA:320,2
DA:321,2
DA:322,2
DA:323,2
DA:324,2
DA:326,2
DA:327,2
DA:329,0
DA:334,0
DA:335,0
DA:336,0
DA:342,3
DA:343,0
DA:344,0
DA:345,0
DA:347,0
DA:352,0
DA:353,0
DA:354,0
DA:360,3
DA:361,0
DA:362,0
DA:363,0
DA:364,0
DA:365,0
DA:366,0
DA:367,0
DA:370,0
DA:375,0
DA:379,3
DA:380,3
DA:381,3
DA:385,3
LF:138
LH:108
BRDA:22,0,0,1
BRDA:22,0,1,1
BRDA:60,1,0,2
BRDA:60,1,1,4
BRDA:60,2,0,6
BRDA:60,2,1,6
BRDA:88,3,0,1
BRDA:88,3,1,1
BRDA:107,4,0,1
BRDA:107,4,1,2
BRDA:111,5,0,2
BRDA:111,5,1,0
BRDA:122,6,0,0
BRDA:122,6,1,0
BRDA:122,7,0,0
BRDA:122,7,1,0
BRDA:135,8,0,483
BRDA:135,8,1,18
BRDA:137,9,0,0
BRDA:137,9,1,483
BRDA:143,10,0,5
BRDA:143,10,1,496
BRDA:151,11,0,5
BRDA:151,11,1,0
BRDA:153,12,0,3
BRDA:153,12,1,2
BRDA:159,13,0,2
BRDA:159,13,1,0
BRDA:180,14,0,11
BRDA:180,14,1,1
BRDA:218,15,0,1
BRDA:218,15,1,0
BRDA:222,16,0,1
BRDA:222,16,1,0
BRDA:240,17,0,6
BRDA:240,17,1,310
BRDA:240,18,0,316
BRDA:240,18,1,312
BRDA:240,18,2,14
BRDA:246,19,0,2
BRDA:246,19,1,4
BRDA:255,20,0,2
BRDA:255,20,1,312
BRDA:260,21,0,1
BRDA:260,21,1,313
BRDA:281,22,0,0
BRDA:281,22,1,5
BRDA:288,23,0,0
BRDA:288,23,1,5
BRDA:301,24,0,0
BRDA:301,24,1,5
BRDA:301,25,0,5
BRDA:301,25,1,4
BRDA:335,26,0,0
BRDA:335,26,1,0
BRDA:353,27,0,0
BRDA:353,27,1,0
BRDA:362,28,0,0
BRDA:362,28,1,0
BRF:59
BRH:40
end_of_record
TN:
SF:/home/denys/Documents/cf-api/auth/idp/custom-passport-strategies/oktaStrategy.js
FN:7,OktaStrategy
FN:21,(anonymous_1)
FN:30,(anonymous_2)
FN:77,(anonymous_3)
FN:79,(anonymous_4)
FN:117,(anonymous_5)
FNF:6
FNH:0
FNDA:0,OktaStrategy
FNDA:0,(anonymous_1)
FNDA:0,(anonymous_2)
FNDA:0,(anonymous_3)
FNDA:0,(anonymous_4)
FNDA:0,(anonymous_5)
DA:1,2
DA:2,2
DA:3,2
DA:4,2
DA:5,2
DA:8,0
DA:9,0
DA:10,0
DA:11,0
DA:12,0
DA:14,0
DA:16,0
DA:17,0
DA:18,0
DA:21,0
DA:22,0
DA:23,0
DA:24,0
DA:25,0
DA:26,0
DA:30,0
DA:31,0
DA:34,0
DA:37,0
DA:43,0
DA:45,0
DA:46,0
DA:47,0
DA:48,0
DA:58,2
DA:77,2
DA:78,0
DA:79,0
DA:80,0
DA:81,0
DA:84,0
DA:85,0
DA:87,0
DA:88,0
DA:89,0
DA:90,0
DA:91,0
DA:96,0
DA:98,0
DA:99,0
DA:101,0
DA:103,0
DA:117,2
DA:118,0
DA:119,0
DA:120,0
DA:122,0
DA:128,2
LF:53
LH:9
BRDA:8,0,0,0
BRDA:8,0,1,0
BRDA:22,1,0,0
BRDA:22,1,1,0
BRDA:23,2,0,0
BRDA:23,2,1,0
BRDA:31,3,0,0
BRDA:31,3,1,0
BRDA:80,4,0,0
BRDA:80,4,1,0
BRDA:119,5,0,0
BRDA:119,5,1,0
BRF:12
BRH:0
end_of_record
TN:
SF:/home/denys/Documents/cf-api/auth/idp/models/idp.model.js
FN:53,(anonymous_0)
FN:57,(anonymous_1)
FN:62,(anonymous_2)
FN:70,(anonymous_3)
FN:96,(anonymous_4)
FN:100,(anonymous_5)
FN:102,(anonymous_6)
FN:107,(anonymous_7)
FNF:8
FNH:6
FNDA:0,(anonymous_0)
FNDA:0,(anonymous_1)
FNDA:359,(anonymous_2)
FNDA:2,(anonymous_3)
FNDA:18,(anonymous_4)
FNDA:1,(anonymous_5)
FNDA:9,(anonymous_6)
FNDA:84,(anonymous_7)
DA:1,2
DA:2,2
DA:3,2
DA:4,2
DA:6,2
DA:8,2
DA:20,2
DA:51,2
DA:53,2
DA:54,0
DA:57,2
DA:58,0
DA:61,2
DA:63,359
DA:64,359
DA:66,359
DA:69,2
DA:71,2
DA:80,2
DA:82,2
DA:94,2
DA:96,2
DA:97,18
DA:100,2
DA:101,1
DA:102,1
DA:103,9
DA:107,9
DA:108,84
DA:109,57
DA:116,9
DA:118,1
DA:121,2
LF:33
LH:31
BRDA:63,0,0,359
BRDA:63,0,1,0
BRDA:64,1,0,359
BRDA:64,1,1,0
BRDA:108,2,0,57
BRDA:108,2,1,27
BRDA:108,3,0,84
BRDA:108,3,1,27
BRDA:110,4,0,57
BRDA:110,4,1,47
BRDA:110,4,2,47
BRDA:111,5,0,57
BRDA:111,5,1,11
BRDA:112,6,0,57
BRDA:112,6,1,0
BRF:15
BRH:12
end_of_record
TN:
SF:/home/denys/Documents/cf-api/auth/idp/models/type/auth0.schema.js
FN:25,(anonymous_0)
FN:29,(anonymous_1)
FN:31,(anonymous_2)
FN:39,(anonymous_3)
FN:41,(anonymous_4)
FN:43,(anonymous_5)
FN:60,(anonymous_6)
FN:63,(anonymous_7)
FN:73,(anonymous_8)
FN:77,(anonymous_9)
FNF:10
FNH:1
FNDA:0,(anonymous_0)
FNDA:0,(anonymous_1)
FNDA:0,(anonymous_2)
FNDA:0,(anonymous_3)
FNDA:0,(anonymous_4)
FNDA:0,(anonymous_5)
FNDA:0,(anonymous_6)
FNDA:0,(anonymous_7)
FNDA:0,(anonymous_8)
FNDA:2,(anonymous_9)
DA:1,2
DA:2,2
DA:3,2
DA:4,2
DA:5,2
DA:6,2
DA:8,2
DA:25,2
DA:26,0
DA:29,2
DA:30,0
DA:32,0
DA:39,0
DA:40,0
DA:42,0
DA:43,0
DA:45,0
DA:61,0
DA:64,0
DA:68,0
DA:69,0
DA:73,2
DA:74,0
DA:77,2
DA:79,2
DA:81,2
DA:89,2
DA:96,2
LF:28
LH:15
BRDA:43,0,0,0
BRDA:43,0,1,0
BRDA:48,1,0,0
BRDA:48,1,1,0
BRF:4
BRH:0
end_of_record
TN:
SF:/home/denys/Documents/cf-api/auth/idp/models/type/azure.schema.js
FN:61,(anonymous_0)
FN:65,(anonymous_1)
FN:67,(anonymous_2)
FN:97,(anonymous_3)
FN:99,(anonymous_4)
FN:122,(anonymous_5)
FN:124,(anonymous_6)
FN:125,(anonymous_7)
FN:138,(anonymous_8)
FN:143,(anonymous_9)
FN:144,(anonymous_10)
FN:145,(anonymous_11)
FN:166,(anonymous_12)
FN:170,(anonymous_13)
FN:174,(anonymous_14)
FN:191,(anonymous_15)
FNF:16
FNH:2
FNDA:0,(anonymous_0)
FNDA:0,(anonymous_1)
FNDA:0,(anonymous_2)
FNDA:0,(anonymous_3)
FNDA:0,(anonymous_4)
FNDA:0,(anonymous_5)
FNDA:0,(anonymous_6)
FNDA:0,(anonymous_7)
FNDA:0,(anonymous_8)
FNDA:0,(anonymous_9)
FNDA:0,(anonymous_10)
FNDA:0,(anonymous_11)
FNDA:0,(anonymous_12)
FNDA:2,(anonymous_13)
FNDA:0,(anonymous_14)
FNDA:2,(anonymous_15)
DA:1,2
DA:2,2
DA:3,2
DA:4,2
DA:5,2
DA:6,2
DA:7,2
DA:9,2
DA:11,2
DA:13,2
DA:15,2
DA:17,2
DA:61,2
DA:62,0
DA:65,2
DA:66,0
DA:68,0
DA:97,0
DA:98,0
DA:99,0
DA:101,0
DA:115,0
DA:117,0
DA:118,0
DA:122,2
DA:123,0
DA:125,0
DA:127,0
DA:128,0
DA:139,0
DA:143,2
DA:144,0
DA:145,0
DA:146,0
DA:147,0
DA:151,0
DA:153,0
DA:158,0
DA:166,2
DA:167,0
DA:170,2
DA:172,2
DA:174,2
DA:175,0
DA:176,0
DA:178,0
DA:182,2
DA:190,2
DA:192,2
DA:193,2
DA:194,2
DA:196,2
DA:199,2
DA:207,2
LF:54
LH:28
BRDA:99,0,0,0
BRDA:99,0,1,0
BRDA:104,1,0,0
BRDA:104,1,1,0
BRDA:127,2,0,0
BRDA:127,2,1,0
BRDA:146,3,0,0
BRDA:146,3,1,0
BRDA:151,4,0,0
BRDA:151,4,1,0
BRDA:175,5,0,0
BRDA:175,5,1,0
BRDA:192,6,0,2
BRDA:192,6,1,0
BRDA:193,7,0,2
BRDA:193,7,1,2
BRDA:194,8,0,2
BRDA:194,8,1,2
BRF:18
BRH:5
end_of_record
TN:
SF:/home/denys/Documents/cf-api/auth/idp/models/type/bases.js
FN:39,(anonymous_0)
FN:43,(anonymous_1)
FN:50,(anonymous_2)
FN:56,(anonymous_3)
FN:69,(anonymous_4)
FN:72,(anonymous_5)
FN:77,(anonymous_6)
FN:80,(anonymous_7)
FN:81,(anonymous_8)
FN:106,(anonymous_9)
FN:111,(anonymous_10)
FN:117,(anonymous_11)
FNF:12
FNH:5
FNDA:3,(anonymous_0)
FNDA:0,(anonymous_1)
FNDA:3,(anonymous_2)
FNDA:0,(anonymous_3)
FNDA:3,(anonymous_4)
FNDA:0,(anonymous_5)
FNDA:0,(anonymous_6)
FNDA:0,(anonymous_7)
FNDA:0,(anonymous_8)
FNDA:0,(anonymous_9)
FNDA:19,(anonymous_10)
FNDA:4,(anonymous_11)
DA:1,2
DA:2,2
DA:3,2
DA:4,2
DA:5,2
DA:6,2
DA:8,2
DA:10,2
DA:12,2
DA:14,2
DA:16,2
DA:39,2
DA:40,3
DA:42,3
DA:44,0
DA:45,0
DA:47,0
DA:51,3
DA:52,3
DA:58,0
DA:59,0
DA:70,3
DA:73,0
DA:77,2
DA:78,0
DA:80,0
DA:81,0
DA:82,0
DA:83,0
DA:87,0
DA:89,0
DA:94,0
DA:97,0
DA:99,0
DA:100,0
DA:102,0
DA:107,0
DA:111,2
DA:113,19
DA:115,19
DA:117,19
DA:118,4
DA:121,19
DA:127,2
LF:44
LH:25
BRDA:40,0,0,3
BRDA:40,0,1,3
BRDA:44,1,0,0
BRDA:44,1,1,0
BRDA:55,2,0,3
BRDA:55,2,1,3
BRDA:58,3,0,0
BRDA:58,3,1,0
BRDA:82,4,0,0
BRDA:82,4,1,0
BRDA:87,5,0,0
BRDA:87,5,1,0
BRDA:94,6,0,0
BRDA:94,6,1,0
BRDA:99,7,0,0
BRDA:99,7,1,0
BRF:16
BRH:4
end_of_record
TN:
SF:/home/denys/Documents/cf-api/auth/idp/models/type/bitbucket.schema.js
FN:36,(anonymous_0)
FN:40,(anonymous_1)
FN:42,(anonymous_2)
FN:50,(anonymous_3)
FN:68,(anonymous_4)
FN:69,(anonymous_5)
FN:84,(anonymous_6)
FN:88,(anonymous_7)
FN:121,(anonymous_8)
FNF:9
FNH:1
FNDA:0,(anonymous_0)
FNDA:0,(anonymous_1)
FNDA:0,(anonymous_2)
FNDA:0,(anonymous_3)
FNDA:0,(anonymous_4)
FNDA:0,(anonymous_5)
FNDA:0,(anonymous_6)
FNDA:0,(anonymous_7)
FNDA:2,(anonymous_8)
DA:1,2
DA:2,2
DA:3,2
DA:4,2
DA:5,2
DA:6,2
DA:7,2
DA:9,2
DA:36,2
DA:37,0
DA:40,2
DA:41,0
DA:43,0
DA:50,0
DA:51,0
DA:52,0
DA:54,0
DA:68,0
DA:69,0
DA:74,0
DA:75,0
DA:77,0
DA:78,0
DA:84,2
DA:85,0
DA:88,2
DA:89,0
DA:90,0
DA:115,0
DA:117,0
DA:121,2
DA:123,2
DA:125,2
DA:134,2
DA:141,2
LF:35
LH:17
BRDA:57,0,0,0
BRDA:57,0,1,0
BRDA:89,1,0,0
BRDA:89,1,1,0
BRF:4
BRH:0
end_of_record
TN:
SF:/home/denys/Documents/cf-api/auth/idp/models/type/github.schema.js
FN:73,(anonymous_0)
FN:77,(anonymous_1)
FN:79,(anonymous_2)
FN:96,(anonymous_3)
FN:98,(anonymous_4)
FN:111,(anonymous_5)
FN:112,(anonymous_6)
FN:118,(anonymous_7)
FN:121,(anonymous_8)
FN:141,(anonymous_9)
FN:142,(anonymous_10)
FN:153,(anonymous_11)
FN:184,(anonymous_12)
FNF:13
FNH:5
FNDA:0,(anonymous_0)
FNDA:2,(anonymous_1)
FNDA:2,(anonymous_2)
FNDA:0,(anonymous_3)
FNDA:0,(anonymous_4)
FNDA:0,(anonymous_5)
FNDA:0,(anonymous_6)
FNDA:0,(anonymous_7)
FNDA:0,(anonymous_8)
FNDA:3,(anonymous_9)
FNDA:3,(anonymous_10)
FNDA:0,(anonymous_11)
FNDA:2,(anonymous_12)
DA:1,2
DA:2,2
DA:3,2
DA:4,2
DA:5,2
DA:6,2
DA:7,2
DA:8,2
DA:10,2
DA:73,2
DA:74,0
DA:77,2
DA:78,2
DA:80,2
DA:96,2
DA:97,0
DA:99,0
DA:111,0
DA:112,0
DA:119,0
DA:122,0
DA:126,2
DA:127,2
DA:131,2
DA:141,2
DA:142,3
DA:153,2
DA:154,0
DA:155,0
DA:178,0
DA:180,0
DA:184,2
DA:186,2
DA:188,2
DA:197,2
DA:204,2
LF:36
LH:25
BRDA:102,0,0,0
BRDA:102,0,1,0
BRDA:142,1,0,3
BRDA:142,1,1,0
BRDA:154,2,0,0
BRDA:154,2,1,0
BRF:6
BRH:1
end_of_record
TN:
SF:/home/denys/Documents/cf-api/auth/idp/models/type/gitlab.schema.js
FN:50,(anonymous_0)
FN:54,(anonymous_1)
FN:56,(anonymous_2)
FN:66,(anonymous_3)
FN:100,(anonymous_4)
FN:104,(anonymous_5)
FN:136,(anonymous_6)
FNF:7
FNH:1
FNDA:0,(anonymous_0)
FNDA:0,(anonymous_1)
FNDA:0,(anonymous_2)
FNDA:0,(anonymous_3)
FNDA:0,(anonymous_4)
FNDA:0,(anonymous_5)
FNDA:2,(anonymous_6)
DA:1,2
DA:2,2
DA:3,2
DA:4,2
DA:5,2
DA:6,2
DA:7,2
DA:9,2
DA:11,2
DA:50,2
DA:51,0
DA:54,2
DA:55,0
DA:57,0
DA:66,0
DA:67,0
DA:68,0
DA:70,0
DA:90,0
DA:91,0
DA:93,0
DA:94,0
DA:100,2
DA:101,0
DA:104,2
DA:105,0
DA:106,0
DA:130,0
DA:132,0
DA:136,2
DA:138,2
DA:140,2
DA:149,2
DA:156,2
LF:34
LH:18
BRDA:73,0,0,0
BRDA:73,0,1,0
BRDA:105,1,0,0
BRDA:105,1,1,0
BRF:4
BRH:0
end_of_record
TN:
SF:/home/denys/Documents/cf-api/auth/idp/models/type/google.schema.js
FN:35,(anonymous_0)
FN:39,(anonymous_1)
FN:41,(anonymous_2)
FN:49,(anonymous_3)
FN:54,(anonymous_4)
FN:82,(anonymous_5)
FN:109,(anonymous_6)
FN:111,(anonymous_7)
FN:117,(anonymous_8)
FN:128,(anonymous_9)
FN:142,(anonymous_10)
FN:147,(anonymous_11)
FNF:12
FNH:2
FNDA:0,(anonymous_0)
FNDA:0,(anonymous_1)
FNDA:0,(anonymous_2)
FNDA:0,(anonymous_3)
FNDA:0,(anonymous_4)
FNDA:1,(anonymous_5)
FNDA:0,(anonymous_6)
FNDA:0,(anonymous_7)
FNDA:0,(anonymous_8)
FNDA:0,(anonymous_9)
FNDA:0,(anonymous_10)
FNDA:3,(anonymous_11)
DA:1,2
DA:2,2
DA:3,2
DA:4,2
DA:5,2
DA:6,2
DA:7,2
DA:8,2
DA:9,2
DA:10,2
DA:12,2
DA:15,2
DA:22,2
DA:35,2
DA:36,0
DA:39,2
DA:40,0
DA:42,0
DA:49,0
DA:50,0
DA:51,0
DA:53,0
DA:54,0
DA:56,0
DA:75,0
DA:77,0
DA:78,0
DA:82,2
DA:83,1
DA:84,1
DA:103,1
DA:105,0
DA:109,2
DA:110,0
DA:111,0
DA:114,0
DA:117,2
DA:118,0
DA:119,0
DA:125,0
DA:128,2
DA:129,0
DA:141,0
DA:143,0
DA:147,2
DA:149,3
DA:151,3
DA:162,3
DA:170,2
LF:49
LH:27
BRDA:64,0,0,0
BRDA:64,0,1,0
BRDA:83,1,0,1
BRDA:83,1,1,0
BRDA:110,2,0,0
BRDA:110,2,1,0
BRDA:111,3,0,0
BRDA:111,3,1,0
BRDA:118,4,0,0
BRDA:118,4,1,0
BRF:10
BRH:1
end_of_record
TN:
SF:/home/denys/Documents/cf-api/auth/idp/models/type/localUserPassword.schema.js
FN:24,(anonymous_0)
FN:28,(anonymous_1)
FN:32,(anonymous_2)
FN:42,(anonymous_3)
FN:63,(anonymous_4)
FN:78,(anonymous_5)
FNF:6
FNH:1
FNDA:0,(anonymous_0)
FNDA:0,(anonymous_1)
FNDA:0,(anonymous_2)
FNDA:0,(anonymous_3)
FNDA:0,(anonymous_4)
FNDA:2,(anonymous_5)
DA:1,2
DA:2,2
DA:3,2
DA:4,2
DA:5,2
DA:6,2
DA:10,2
DA:12,2
DA:15,2
DA:17,2
DA:18,2
DA:19,2
DA:22,2
DA:24,2
DA:25,0
DA:28,2
DA:29,0
DA:32,2
DA:33,0
DA:35,0
DA:36,0
DA:39,0
DA:40,0
DA:41,0
DA:42,0
DA:43,0
DA:44,0
DA:46,0
DA:47,0
DA:53,0
DA:61,0
DA:62,0
DA:63,0
DA:65,0
DA:66,0
DA:67,0
DA:69,0
DA:78,2
DA:80,2
DA:82,2
DA:88,2
DA:95,2
LF:42
LH:21
BRDA:39,0,0,0
BRDA:39,0,1,0
BRDA:46,1,0,0
BRDA:46,1,1,0
BRF:4
BRH:0
end_of_record
TN:
SF:/home/denys/Documents/cf-api/auth/idp/models/type/okta.schema.js
FN:29,(anonymous_0)
FN:33,(anonymous_1)
FN:35,(anonymous_2)
FN:44,(anonymous_3)
FN:46,(anonymous_4)
FN:69,(anonymous_5)
FN:74,(anonymous_6)
FNF:7
FNH:1
FNDA:0,(anonymous_0)
FNDA:0,(anonymous_1)
FNDA:0,(anonymous_2)
FNDA:0,(anonymous_3)
FNDA:0,(anonymous_4)
FNDA:0,(anonymous_5)
FNDA:2,(anonymous_6)
DA:1,2
DA:2,2
DA:3,2
DA:4,2
DA:5,2
DA:6,2
DA:8,2
DA:29,2
DA:30,0
DA:33,2
DA:34,0
DA:36,0
DA:44,0
DA:45,0
DA:46,0
DA:48,0
DA:62,0
DA:64,0
DA:65,0
DA:69,2
DA:70,0
DA:74,2
DA:76,2
DA:78,2
DA:86,2
DA:93,2
LF:26
LH:15
BRDA:46,0,0,0
BRDA:46,0,1,0
BRDA:51,1,0,0
BRDA:51,1,1,0
BRF:4
BRH:0
end_of_record
TN:
SF:/home/denys/Documents/cf-api/auth/idp/models/type/onelogin.schema.js
FN:28,(anonymous_0)
FN:32,(anonymous_1)
FN:34,(anonymous_2)
FN:46,(anonymous_3)
FN:48,(anonymous_4)
FN:64,(anonymous_5)
FN:67,(anonymous_6)
FN:77,(anonymous_7)
FN:79,(anonymous_8)
FN:80,(anonymous_9)
FN:93,(anonymous_10)
FN:98,(anonymous_11)
FN:99,(anonymous_12)
FN:100,(anonymous_13)
FN:120,(anonymous_14)
FN:124,(anonymous_15)
FNF:16
FNH:1
FNDA:0,(anonymous_0)
FNDA:0,(anonymous_1)
FNDA:0,(anonymous_2)
FNDA:0,(anonymous_3)
FNDA:0,(anonymous_4)
FNDA:0,(anonymous_5)
FNDA:0,(anonymous_6)
FNDA:0,(anonymous_7)
FNDA:0,(anonymous_8)
FNDA:0,(anonymous_9)
FNDA:0,(anonymous_10)
FNDA:0,(anonymous_11)
FNDA:0,(anonymous_12)
FNDA:0,(anonymous_13)
FNDA:0,(anonymous_14)
FNDA:2,(anonymous_15)
DA:1,2
DA:2,2
DA:3,2
DA:4,2
DA:5,2
DA:6,2
DA:7,2
DA:9,2
DA:11,2
DA:13,2
DA:15,2
DA:17,2
DA:19,2
DA:28,2
DA:29,0
DA:32,2
DA:33,0
DA:35,0
DA:46,0
DA:47,0
DA:49,0
DA:50,0
DA:65,0
DA:68,0
DA:72,0
DA:73,0
DA:77,2
DA:78,0
DA:80,0
DA:82,0
DA:83,0
DA:94,0
DA:98,2
DA:99,0
DA:100,0
DA:101,0
DA:102,0
DA:106,0
DA:107,0
DA:109,0
DA:114,0
DA:120,2
DA:121,0
DA:124,2
DA:126,2
DA:128,2
DA:136,2
DA:143,2
LF:48
LH:23
BRDA:53,0,0,0
BRDA:53,0,1,0
BRDA:82,1,0,0
BRDA:82,1,1,0
BRDA:101,2,0,0
BRDA:101,2,1,0
BRDA:106,3,0,0
BRDA:106,3,1,0
BRF:8
BRH:0
end_of_record
TN:
SF:/home/denys/Documents/cf-api/auth/idp/models/type/permissions.js
FNF:0
FNH:0
DA:1,2
DA:6,2
DA:10,2
LF:3
LH:3
BRF:0
BRH:0
end_of_record
TN:
SF:/home/denys/Documents/cf-api/auth/idp/models/type/types.js
FNF:0
FNH:0
DA:1,2
DA:13,2
LF:2
LH:2
BRF:0
BRH:0
end_of_record
TN:
SF:/home/denys/Documents/cf-api/auth/idp/test/index.mock.js
FN:5,(anonymous_0)
FN:16,(anonymous_1)
FN:22,(anonymous_2)
FNF:3
FNH:3
FNDA:1,(anonymous_0)
FNDA:1,(anonymous_1)
FNDA:1,(anonymous_2)
DA:1,1
DA:2,1
DA:3,1
DA:5,1
DA:6,1
DA:16,1
DA:17,1
DA:20,1
DA:22,1
DA:23,1
DA:24,1
DA:27,1
DA:30,1
LF:13
LH:13
BRDA:5,0,0,0
BRDA:5,1,0,1
BRDA:5,2,0,1
BRDA:5,3,0,1
BRF:4
BRH:3
end_of_record
TN:
SF:/home/denys/Documents/cf-api/auth/notifications/index.js
FN:24,(anonymous_0)
FN:42,(anonymous_1)
FNF:2
FNH:2
FNDA:3,(anonymous_0)
FNDA:2,(anonymous_1)
DA:3,1
DA:4,1
DA:5,1
DA:6,1
DA:8,1
DA:10,1
DA:11,1
DA:25,3
DA:26,1
DA:29,2
DA:30,2
DA:42,2
DA:43,2
DA:44,0
DA:47,2
DA:50,2
DA:55,1
LF:17
LH:16
BRDA:25,0,0,1
BRDA:25,0,1,2
BRDA:25,1,0,3
BRDA:25,1,1,3
BRDA:25,1,2,2
BRDA:43,2,0,0
BRDA:43,2,1,2
BRDA:43,3,0,2
BRDA:43,3,1,2
BRF:9
BRH:8
end_of_record
TN:
SF:/home/denys/Documents/cf-api/auth/options/index.js
FNF:0
FNH:0
DA:3,2
DA:11,2
LF:2
LH:2
BRF:0
BRH:0
end_of_record
TN:
SF:/home/denys/Documents/cf-api/auth/route/api-key.js
FN:5,init
FNF:1
FNH:1
FNDA:1,init
DA:1,1
DA:2,1
DA:3,1
DA:7,1
DA:16,1
DA:25,1
DA:35,1
LF:7
LH:7
BRF:0
BRH:0
end_of_record
TN:
SF:/home/denys/Documents/cf-api/auth/route/flows.js
FNF:0
FNH:0
DA:1,2
DA:8,2
LF:2
LH:2
BRF:0
BRH:0
end_of_record
TN:
SF:/home/denys/Documents/cf-api/auth/route/idp.js
FN:39,addFlowCookie
FN:40,(anonymous_1)
FN:44,login
FN:70,logout
FN:75,extendWithIDPByClientName
FN:92,extendWithIDPByEmail
FN:97,(anonymous_6)
FN:106,(anonymous_7)
FN:128,cteMid
FN:136,redirectToUi
FN:146,handleUser
FN:147,(anonymous_11)
FN:153,_callbackLogin
FN:156,(anonymous_13)
FN:171,_callbackInvite
FN:180,_callbackCreateOrUpdateContext
FN:186,(anonymous_16)
FN:206,callback
FN:211,(anonymous_18)
FN:235,createContextMid
FN:258,updateContextMid
FN:280,init
FNF:22
FNH:18
FNDA:6,addFlowCookie
FNDA:6,(anonymous_1)
FNDA:5,login
FNDA:2,logout
FNDA:12,extendWithIDPByClientName
FNDA:3,extendWithIDPByEmail
FNDA:3,(anonymous_6)
FNDA:1,(anonymous_7)
FNDA:0,cteMid
FNDA:4,redirectToUi
FNDA:2,handleUser
FNDA:2,(anonymous_11)
FNDA:2,_callbackLogin
FNDA:0,(anonymous_13)
FNDA:0,_callbackInvite
FNDA:2,_callbackCreateOrUpdateContext
FNDA:2,(anonymous_16)
FNDA:4,callback
FNDA:4,(anonymous_18)
FNDA:1,createContextMid
FNDA:0,updateContextMid
FNDA:15,init
DA:1,13
DA:2,13
DA:3,13
DA:4,13
DA:5,13
DA:6,13
DA:7,13
DA:8,13
DA:9,13
DA:10,13
DA:11,13
DA:12,13
DA:13,13
DA:14,13
DA:15,13
DA:16,13
DA:17,13
DA:18,13
DA:19,13
DA:20,13
DA:21,13
DA:24,13
DA:26,13
DA:27,13
DA:28,13
DA:29,13
DA:30,13
DA:31,13
DA:32,13
DA:33,13
DA:34,13
DA:36,13
DA:40,6
DA:41,6
DA:46,5
DA:47,5
DA:48,0
DA:51,5
DA:53,5
DA:54,0
DA:55,0
DA:57,5
DA:60,5
DA:63,5
DA:64,5
DA:67,5
DA:71,2
DA:72,2
DA:76,12
DA:77,12
DA:85,12
DA:86,8
DA:88,4
DA:93,3
DA:94,3
DA:96,3
DA:97,3
DA:99,0
DA:106,3
DA:107,3
DA:108,2
DA:120,1
DA:121,1
DA:124,0
DA:129,0
DA:130,0
DA:132,0
DA:137,4
DA:138,2
DA:139,2
DA:140,2
DA:142,2
DA:147,2
DA:148,2
DA:149,2
DA:150,2
DA:154,2
DA:155,2
DA:156,2
DA:157,2
DA:158,0
DA:164,2
DA:165,2
DA:167,0
DA:172,0
DA:173,0
DA:174,0
DA:176,0
DA:181,2
DA:182,2
DA:183,2
DA:184,2
DA:185,2
DA:186,2
DA:187,2
DA:189,2
DA:190,2
DA:191,2
DA:192,2
DA:194,2
DA:195,2
DA:196,1
DA:198,1
DA:200,2
DA:202,0
DA:207,4
DA:208,4
DA:209,4
DA:211,4
DA:212,4
DA:213,4
DA:214,4
DA:216,0
DA:217,0
DA:219,2
DA:220,2
DA:222,1
DA:223,1
DA:225,1
DA:226,1
DA:228,0
DA:231,0
DA:236,1
DA:237,1
DA:238,1
DA:239,1
DA:240,1
DA:241,1
DA:242,0
DA:244,1
DA:246,1
DA:252,1
DA:254,1
DA:255,1
DA:259,0
DA:260,0
DA:261,0
DA:262,0
DA:263,0
DA:264,0
DA:265,0
DA:267,0
DA:268,0
DA:274,0
DA:276,0
DA:277,0
DA:281,15
DA:283,15
DA:284,15
DA:285,15
DA:287,15
DA:288,15
DA:293,15
DA:298,15
DA:303,15
DA:310,13
LF:156
LH:124
BRDA:47,0,0,0
BRDA:47,0,1,5
BRDA:53,1,0,0
BRDA:53,1,1,5
BRDA:63,2,0,5
BRDA:63,2,1,0
BRDA:77,3,0,1
BRDA:77,3,1,11
BRDA:107,4,0,2
BRDA:107,4,1,1
BRDA:129,5,0,0
BRDA:129,5,1,0
BRDA:137,6,0,2
BRDA:137,6,1,2
BRDA:153,7,0,2
BRDA:157,8,0,0
BRDA:157,8,1,2
BRDA:157,9,0,2
BRDA:157,9,1,0
BRDA:194,10,0,2
BRDA:194,10,1,2
BRDA:195,11,0,1
BRDA:195,11,1,1
BRDA:214,12,0,0
BRDA:214,12,1,2
BRDA:214,12,2,1
BRDA:214,12,3,1
BRDA:214,12,4,0
BRDA:241,13,0,0
BRDA:241,13,1,1
BRDA:264,14,0,0
BRDA:264,14,1,0
BRF:32
BRH:20
end_of_record
TN:
SF:/home/denys/Documents/cf-api/auth/route/index.js
FNF:0
FNH:0
DA:1,1
DA:2,1
DA:4,1
DA:5,1
DA:6,1
DA:8,1
LF:6
LH:6
BRF:0
BRH:0
end_of_record
TN:
SF:/home/denys/Documents/cf-api/auth/route/other.js
FN:24,init
FN:30,(anonymous_1)
FN:43,(anonymous_2)
FN:52,(anonymous_3)
FN:54,(anonymous_4)
FN:56,(anonymous_5)
FN:70,(anonymous_6)
FN:73,(anonymous_7)
FN:89,(anonymous_8)
FN:92,(anonymous_9)
FN:100,(anonymous_10)
FN:111,(anonymous_11)
FN:124,(anonymous_12)
FN:128,(anonymous_13)
FN:133,(anonymous_14)
FN:135,(anonymous_15)
FN:146,(anonymous_16)
FN:148,(anonymous_17)
FN:150,(anonymous_18)
FN:157,(anonymous_19)
FNF:20
FNH:1
FNDA:1,init
FNDA:0,(anonymous_1)
FNDA:0,(anonymous_2)
FNDA:0,(anonymous_3)
FNDA:0,(anonymous_4)
FNDA:0,(anonymous_5)
FNDA:0,(anonymous_6)
FNDA:0,(anonymous_7)
FNDA:0,(anonymous_8)
FNDA:0,(anonymous_9)
FNDA:0,(anonymous_10)
FNDA:0,(anonymous_11)
FNDA:0,(anonymous_12)
FNDA:0,(anonymous_13)
FNDA:0,(anonymous_14)
FNDA:0,(anonymous_15)
FNDA:0,(anonymous_16)
FNDA:0,(anonymous_17)
FNDA:0,(anonymous_18)
FNDA:0,(anonymous_19)
DA:3,1
DA:4,1
DA:5,1
DA:6,1
DA:7,1
DA:8,1
DA:9,1
DA:10,1
DA:12,1
DA:13,1
DA:14,1
DA:15,1
DA:17,1
DA:19,1
DA:20,1
DA:21,1
DA:22,1
DA:30,1
DA:31,0
DA:32,0
DA:33,0
DA:34,0
DA:43,1
DA:44,0
DA:45,0
DA:46,0
DA:49,0
DA:50,0
DA:52,0
DA:53,0
DA:55,0
DA:57,0
DA:62,0
DA:71,0
DA:75,0
DA:76,0
DA:80,0
DA:89,1
DA:91,0
DA:93,0
DA:101,0
DA:102,0
DA:103,0
DA:104,0
DA:105,0
DA:112,0
DA:124,1
DA:125,0
DA:126,0
DA:127,0
DA:129,0
DA:130,0
DA:132,0
DA:133,0
DA:137,0
DA:147,0
DA:148,0
DA:152,0
DA:153,0
DA:158,0
DA:166,1
LF:61
LH:22
BRDA:75,0,0,0
BRDA:75,0,1,0
BRDA:129,1,0,0
BRDA:129,1,1,0
BRF:4
BRH:0
end_of_record
TN:
SF:/home/denys/Documents/cf-api/auth/token/index.js
FN:4,(anonymous_0)
FN:10,(anonymous_1)
FN:11,(anonymous_2)
FNF:3
FNH:3
FNDA:14,(anonymous_0)
FNDA:7,(anonymous_1)
FNDA:7,(anonymous_2)
DA:1,2
DA:2,2
DA:4,2
DA:5,14
DA:6,14
DA:10,2
DA:11,7
DA:12,7
DA:13,2
DA:15,5
DA:20,2
DA:21,2
LF:12
LH:12
BRDA:12,0,0,2
BRDA:12,0,1,5
BRF:2
BRH:2
end_of_record
TN:
SF:/home/denys/Documents/cf-api/auth/verification/index.js
FN:12,(anonymous_0)
FN:31,(anonymous_1)
FN:40,createCookieObject
FN:46,addVerificationAsCookie
FN:53,verifyRequest
FN:69,(anonymous_5)
FN:80,getAccessToken
FN:83,(anonymous_7)
FN:97,getVerificationTokenByReference
FN:102,(anonymous_9)
FN:110,removeOldVerifications
FN:115,clearVerification
FNF:12
FNH:10
FNDA:54,(anonymous_0)
FNDA:4,(anonymous_1)
FNDA:3,createCookieObject
FNDA:3,addVerificationAsCookie
FNDA:1,verifyRequest
FNDA:0,(anonymous_5)
FNDA:6,getAccessToken
FNDA:2,(anonymous_7)
FNDA:58,getVerificationTokenByReference
FNDA:58,(anonymous_9)
FNDA:4,removeOldVerifications
FNDA:0,clearVerification
DA:3,2
DA:4,2
DA:5,2
DA:6,2
DA:7,2
DA:8,2
DA:10,2
DA:12,2
DA:13,54
DA:19,54
DA:20,54
DA:22,54
DA:23,0
DA:28,54
DA:31,2
DA:32,4
DA:37,4
DA:41,3
DA:47,3
DA:48,0
DA:50,3
DA:54,1
DA:55,1
DA:57,0
DA:58,0
DA:59,0
DA:60,0
DA:61,0
DA:63,0
DA:65,0
DA:66,0
DA:68,0
DA:70,0
DA:71,0
DA:73,0
DA:74,0
DA:76,0
DA:81,6
DA:82,2
DA:84,2
DA:85,1
DA:90,1
DA:93,4
DA:98,58
DA:99,0
DA:101,58
DA:103,58
DA:104,0
DA:106,58
DA:112,4
DA:116,0
DA:117,0
DA:119,0
DA:120,0
DA:122,0
DA:123,0
DA:126,2
DA:127,2
DA:128,2
DA:129,2
DA:130,2
DA:131,2
DA:132,2
LF:63
LH:39
BRDA:19,0,0,54
BRDA:19,0,1,0
BRDA:19,1,0,54
BRDA:19,1,1,54
BRDA:22,2,0,0
BRDA:22,2,1,54
BRDA:47,3,0,0
BRDA:47,3,1,3
BRDA:47,4,0,3
BRDA:47,4,1,3
BRDA:47,4,2,3
BRDA:54,5,0,1
BRDA:54,5,1,0
BRDA:57,6,0,0
BRDA:57,6,1,0
BRDA:58,7,0,0
BRDA:58,7,1,0
BRDA:59,8,0,0
BRDA:59,8,1,0
BRDA:60,9,0,0
BRDA:60,9,1,0
BRDA:65,10,0,0
BRDA:65,10,1,0
BRDA:70,11,0,0
BRDA:70,11,1,0
BRDA:73,12,0,0
BRDA:73,12,1,0
BRDA:81,13,0,2
BRDA:81,13,1,4
BRDA:84,14,0,1
BRDA:84,14,1,1
BRDA:98,15,0,0
BRDA:98,15,1,58
BRDA:103,16,0,0
BRDA:103,16,1,58
BRDA:116,17,0,0
BRDA:116,17,1,0
BRDA:119,18,0,0
BRDA:119,18,1,0
BRF:39
BRH:15
end_of_record
TN:
SF:/home/denys/Documents/cf-api/auth/verification/verification.model.js
FNF:0
FNH:0
DA:3,2
DA:4,2
DA:6,2
DA:23,2
LF:4
LH:4
BRF:0
BRH:0
end_of_record
TN:
SF:/home/denys/Documents/cf-api/build-manager/lib/flows/Base.js
FN:19,(anonymous_0)
FN:28,(anonymous_1)
FN:30,(anonymous_2)
FN:41,(anonymous_3)
FN:46,(anonymous_4)
FN:53,(anonymous_5)
FN:63,(anonymous_6)
FN:65,(anonymous_7)
FN:68,(anonymous_8)
FN:75,(anonymous_9)
FN:79,(anonymous_10)
FN:83,(anonymous_11)
FN:85,(anonymous_12)
FN:88,(anonymous_13)
FN:97,(anonymous_14)
FN:102,(anonymous_15)
FN:113,(anonymous_16)
FN:118,(anonymous_17)
FN:125,(anonymous_18)
FN:139,(anonymous_19)
FN:149,(anonymous_20)
FN:160,(anonymous_21)
FN:161,(anonymous_22)
FN:174,(anonymous_23)
FN:176,(anonymous_24)
FN:179,(anonymous_25)
FN:182,(anonymous_26)
FNF:27
FNH:20
FNDA:29,(anonymous_0)
FNDA:27,(anonymous_1)
FNDA:27,(anonymous_2)
FNDA:27,(anonymous_3)
FNDA:27,(anonymous_4)
FNDA:27,(anonymous_5)
FNDA:27,(anonymous_6)
FNDA:27,(anonymous_7)
FNDA:27,(anonymous_8)
FNDA:0,(anonymous_9)
FNDA:0,(anonymous_10)
FNDA:49,(anonymous_11)
FNDA:49,(anonymous_12)
FNDA:49,(anonymous_13)
FNDA:49,(anonymous_14)
FNDA:0,(anonymous_15)
FNDA:27,(anonymous_16)
FNDA:0,(anonymous_17)
FNDA:27,(anonymous_18)
FNDA:0,(anonymous_19)
FNDA:27,(anonymous_20)
FNDA:0,(anonymous_21)
FNDA:0,(anonymous_22)
FNDA:27,(anonymous_23)
FNDA:27,(anonymous_24)
FNDA:27,(anonymous_25)
FNDA:27,(anonymous_26)
DA:3,2
DA:4,2
DA:5,2
DA:6,2
DA:7,2
DA:8,2
DA:9,2
DA:10,2
DA:11,2
DA:12,2
DA:13,2
DA:15,2
DA:20,29
DA:21,29
DA:29,27
DA:31,27
DA:32,0
DA:35,27
DA:36,0
DA:40,27
DA:42,27
DA:43,27
DA:47,27
DA:48,27
DA:54,27
DA:64,27
DA:66,27
DA:67,27
DA:69,27
DA:76,0
DA:80,0
DA:84,49
DA:86,49
DA:89,49
DA:98,49
DA:99,0
DA:100,0
DA:101,0
DA:103,0
DA:114,27
DA:115,0
DA:116,0
DA:117,0
DA:119,0
DA:127,27
DA:128,27
DA:132,27
DA:133,27
DA:137,0
DA:138,0
DA:140,0
DA:141,0
DA:143,0
DA:144,0
DA:145,0
DA:150,27
DA:151,27
DA:152,27
DA:153,27
DA:156,0
DA:157,0
DA:158,0
DA:159,0
DA:160,0
DA:161,0
DA:162,0
DA:164,0
DA:166,0
DA:175,27
DA:177,27
DA:180,27
DA:183,27
DA:189,2
LF:73
LH:45
BRDA:31,0,0,0
BRDA:31,0,1,27
BRDA:35,1,0,0
BRDA:35,1,1,27
BRDA:42,2,0,27
BRDA:42,2,1,0
BRDA:66,3,0,27
BRDA:66,3,1,0
BRDA:98,4,0,0
BRDA:98,4,1,49
BRDA:100,5,0,0
BRDA:100,5,1,0
BRDA:114,6,0,0
BRDA:114,6,1,27
BRDA:116,7,0,0
BRDA:116,7,1,0
BRDA:132,8,0,27
BRDA:132,8,1,0
BRDA:140,9,0,0
BRDA:140,9,1,0
BRDA:152,10,0,27
BRDA:152,10,1,0
BRDA:156,11,0,0
BRDA:156,11,1,0
BRDA:156,12,0,0
BRDA:156,12,1,0
BRDA:162,13,0,0
BRDA:162,13,1,0
BRDA:162,14,0,0
BRDA:162,14,1,0
BRF:30
BRH:8
end_of_record
TN:
SF:/home/denys/Documents/cf-api/build-manager/lib/flows/Finish.js
FN:27,(anonymous_0)
FN:33,(anonymous_1)
FN:47,(anonymous_2)
FN:52,(anonymous_3)
FN:53,(anonymous_4)
FN:65,(anonymous_5)
FN:67,(anonymous_6)
FN:73,(anonymous_7)
FN:79,(anonymous_8)
FN:90,(anonymous_9)
FN:91,(anonymous_10)
FN:94,(anonymous_11)
FN:96,(anonymous_12)
FN:101,(anonymous_13)
FN:116,(anonymous_14)
FN:121,(anonymous_15)
FN:125,(anonymous_16)
FN:131,(anonymous_17)
FN:135,(anonymous_18)
FN:137,(anonymous_19)
FN:142,(anonymous_20)
FN:147,(anonymous_21)
FN:153,(anonymous_22)
FN:155,(anonymous_23)
FNF:24
FNH:4
FNDA:2,(anonymous_0)
FNDA:0,(anonymous_1)
FNDA:0,(anonymous_2)
FNDA:0,(anonymous_3)
FNDA:0,(anonymous_4)
FNDA:2,(anonymous_5)
FNDA:2,(anonymous_6)
FNDA:1,(anonymous_7)
FNDA:0,(anonymous_8)
FNDA:0,(anonymous_9)
FNDA:0,(anonymous_10)
FNDA:0,(anonymous_11)
FNDA:0,(anonymous_12)
FNDA:0,(anonymous_13)
FNDA:0,(anonymous_14)
FNDA:0,(anonymous_15)
FNDA:0,(anonymous_16)
FNDA:0,(anonymous_17)
FNDA:0,(anonymous_18)
FNDA:0,(anonymous_19)
FNDA:0,(anonymous_20)
FNDA:0,(anonymous_21)
FNDA:0,(anonymous_22)
FNDA:0,(anonymous_23)
DA:3,1
DA:4,1
DA:5,1
DA:6,1
DA:7,1
DA:8,1
DA:9,1
DA:10,1
DA:11,1
DA:12,1
DA:13,1
DA:14,1
DA:15,1
DA:16,1
DA:17,1
DA:18,1
DA:28,2
DA:29,2
DA:30,2
DA:34,0
DA:36,0
DA:38,0
DA:39,0
DA:40,0
DA:41,0
DA:42,0
DA:48,0
DA:49,0
DA:50,0
DA:51,0
DA:52,0
DA:54,0
DA:58,0
DA:61,0
DA:66,2
DA:68,2
DA:69,1
DA:70,1
DA:71,1
DA:72,1
DA:74,1
DA:75,1
DA:78,0
DA:80,0
DA:91,0
DA:95,0
DA:97,0
DA:99,0
DA:100,0
DA:102,0
DA:106,0
DA:107,0
DA:110,0
DA:113,0
DA:115,0
DA:117,0
DA:122,0
DA:126,0
DA:132,0
DA:136,0
DA:138,0
DA:139,0
DA:141,0
DA:143,0
DA:148,0
DA:154,0
DA:156,0
DA:160,0
DA:161,0
DA:167,1
LF:70
LH:28
BRDA:34,0,0,0
BRDA:34,0,1,0
BRDA:41,1,0,0
BRDA:41,1,1,0
BRDA:68,2,0,1
BRDA:68,2,1,1
BRDA:71,3,0,1
BRDA:71,3,1,0
BRDA:97,4,0,0
BRDA:97,4,1,0
BRDA:99,5,0,0
BRDA:99,5,1,0
BRDA:119,6,0,0
BRDA:119,6,1,0
BRDA:138,7,0,0
BRDA:138,7,1,0
BRF:16
BRH:3
end_of_record
TN:
SF:/home/denys/Documents/cf-api/build-manager/lib/flows/FinishSystem.js
FN:23,(anonymous_0)
FN:28,(anonymous_1)
FN:30,(anonymous_2)
FN:33,(anonymous_3)
FN:40,(anonymous_4)
FN:43,(anonymous_5)
FN:59,(anonymous_6)
FN:73,(anonymous_7)
FNF:8
FNH:0
FNDA:0,(anonymous_0)
FNDA:0,(anonymous_1)
FNDA:0,(anonymous_2)
FNDA:0,(anonymous_3)
FNDA:0,(anonymous_4)
FNDA:0,(anonymous_5)
FNDA:0,(anonymous_6)
FNDA:0,(anonymous_7)
DA:3,1
DA:4,1
DA:5,1
DA:6,1
DA:7,1
DA:8,1
DA:9,1
DA:10,1
DA:11,1
DA:12,1
DA:24,0
DA:25,0
DA:29,0
DA:31,0
DA:35,0
DA:36,0
DA:37,0
DA:41,0
DA:42,0
DA:44,0
DA:45,0
DA:48,0
DA:52,0
DA:53,0
DA:57,0
DA:58,0
DA:60,0
DA:61,0
DA:64,0
DA:68,0
DA:69,0
DA:74,0
DA:82,1
LF:33
LH:11
BRDA:35,0,0,0
BRDA:35,0,1,0
BRDA:41,1,0,0
BRDA:41,1,1,0
BRDA:44,2,0,0
BRDA:44,2,1,0
BRDA:57,3,0,0
BRDA:57,3,1,0
BRDA:60,4,0,0
BRDA:60,4,1,0
BRF:10
BRH:0
end_of_record
TN:
SF:/home/denys/Documents/cf-api/build-manager/lib/flows/Initiate.js
FN:43,(anonymous_0)
FN:51,(anonymous_1)
FN:112,(anonymous_2)
FN:118,(anonymous_3)
FN:123,(anonymous_4)
FN:130,(anonymous_5)
FN:164,(anonymous_6)
FN:167,(anonymous_7)
FN:172,(anonymous_8)
FN:175,(anonymous_9)
FN:178,(anonymous_10)
FN:187,(anonymous_11)
FN:193,(anonymous_12)
FN:200,(anonymous_13)
FN:201,(anonymous_14)
FN:202,(anonymous_15)
FN:204,(anonymous_16)
FN:207,(anonymous_17)
FN:211,(anonymous_18)
FN:215,(anonymous_19)
FN:220,(anonymous_20)
FN:259,(anonymous_21)
FN:267,(anonymous_22)
FN:269,(anonymous_23)
FN:284,(anonymous_24)
FN:288,(anonymous_25)
FN:294,(anonymous_26)
FN:299,(anonymous_27)
FN:305,(anonymous_28)
FN:331,(anonymous_29)
FN:335,(anonymous_30)
FN:337,(anonymous_31)
FN:338,(anonymous_32)
FN:344,(anonymous_33)
FN:345,(anonymous_34)
FN:348,(anonymous_35)
FN:359,(anonymous_36)
FN:361,(anonymous_37)
FN:371,(anonymous_38)
FN:374,(anonymous_39)
FN:375,(anonymous_40)
FN:383,(anonymous_41)
FN:393,(anonymous_42)
FN:407,(anonymous_43)
FN:427,(anonymous_44)
FN:433,(anonymous_45)
FN:444,(anonymous_46)
FN:458,(anonymous_47)
FN:459,(anonymous_48)
FN:472,(anonymous_49)
FN:475,(anonymous_50)
FN:480,(anonymous_51)
FN:497,(anonymous_52)
FN:503,(anonymous_53)
FN:512,(anonymous_54)
FN:538,(anonymous_55)
FN:563,(anonymous_56)
FN:570,(anonymous_57)
FN:573,(anonymous_58)
FN:585,(anonymous_59)
FN:593,(anonymous_60)
FN:596,(anonymous_61)
FN:607,(anonymous_62)
FN:609,(anonymous_63)
FN:615,(anonymous_64)
FN:623,(anonymous_65)
FN:626,(anonymous_66)
FN:628,(anonymous_67)
FN:631,(anonymous_68)
FN:634,(anonymous_69)
FN:637,(anonymous_70)
FN:640,(anonymous_71)
FN:643,(anonymous_72)
FN:646,(anonymous_73)
FN:649,(anonymous_74)
FN:652,(anonymous_75)
FN:655,(anonymous_76)
FN:658,(anonymous_77)
FN:661,(anonymous_78)
FN:664,(anonymous_79)
FN:667,(anonymous_80)
FN:670,(anonymous_81)
FN:673,(anonymous_82)
FNF:83
FNH:62
FNDA:27,(anonymous_0)
FNDA:27,(anonymous_1)
FNDA:27,(anonymous_2)
FNDA:27,(anonymous_3)
FNDA:0,(anonymous_4)
FNDA:27,(anonymous_5)
FNDA:27,(anonymous_6)
FNDA:27,(anonymous_7)
FNDA:23,(anonymous_8)
FNDA:23,(anonymous_9)
FNDA:0,(anonymous_10)
FNDA:23,(anonymous_11)
FNDA:92,(anonymous_12)
FNDA:23,(anonymous_13)
FNDA:23,(anonymous_14)
FNDA:23,(anonymous_15)
FNDA:23,(anonymous_16)
FNDA:0,(anonymous_17)
FNDA:0,(anonymous_18)
FNDA:23,(anonymous_19)
FNDA:0,(anonymous_20)
FNDA:0,(anonymous_21)
FNDA:22,(anonymous_22)
FNDA:22,(anonymous_23)
FNDA:22,(anonymous_24)
FNDA:22,(anonymous_25)
FNDA:22,(anonymous_26)
FNDA:0,(anonymous_27)
FNDA:22,(anonymous_28)
FNDA:88,(anonymous_29)
FNDA:0,(anonymous_30)
FNDA:66,(anonymous_31)
FNDA:66,(anonymous_32)
FNDA:88,(anonymous_33)
FNDA:0,(anonymous_34)
FNDA:22,(anonymous_35)
FNDA:22,(anonymous_36)
FNDA:22,(anonymous_37)
FNDA:22,(anonymous_38)
FNDA:22,(anonymous_39)
FNDA:22,(anonymous_40)
FNDA:22,(anonymous_41)
FNDA:0,(anonymous_42)
FNDA:22,(anonymous_43)
FNDA:0,(anonymous_44)
FNDA:21,(anonymous_45)
FNDA:22,(anonymous_46)
FNDA:60,(anonymous_47)
FNDA:60,(anonymous_48)
FNDA:20,(anonymous_49)
FNDA:20,(anonymous_50)
FNDA:22,(anonymous_51)
FNDA:0,(anonymous_52)
FNDA:21,(anonymous_53)
FNDA:43,(anonymous_54)
FNDA:0,(anonymous_55)
FNDA:0,(anonymous_56)
FNDA:0,(anonymous_57)
FNDA:0,(anonymous_58)
FNDA:0,(anonymous_59)
FNDA:0,(anonymous_60)
FNDA:0,(anonymous_61)
FNDA:0,(anonymous_62)
FNDA:0,(anonymous_63)
FNDA:23,(anonymous_64)
FNDA:22,(anonymous_65)
FNDA:27,(anonymous_66)
FNDA:27,(anonymous_67)
FNDA:27,(anonymous_68)
FNDA:27,(anonymous_69)
FNDA:27,(anonymous_70)
FNDA:23,(anonymous_71)
FNDA:23,(anonymous_72)
FNDA:23,(anonymous_73)
FNDA:22,(anonymous_74)
FNDA:22,(anonymous_75)
FNDA:22,(anonymous_76)
FNDA:22,(anonymous_77)
FNDA:22,(anonymous_78)
FNDA:22,(anonymous_79)
FNDA:22,(anonymous_80)
FNDA:22,(anonymous_81)
FNDA:5,(anonymous_82)
DA:1,1
DA:2,1
DA:3,1
DA:4,1
DA:5,1
DA:6,1
DA:7,1
DA:8,1
DA:9,1
DA:10,1
DA:11,1
DA:12,1
DA:13,1
DA:14,1
DA:15,1
DA:16,1
DA:17,1
DA:18,1
DA:19,1
DA:20,1
DA:21,1
DA:22,1
DA:23,1
DA:24,1
DA:25,1
DA:31,1
DA:32,1
DA:33,1
DA:34,1
DA:36,1
DA:44,27
DA:45,27
DA:46,27
DA:47,27
DA:48,27
DA:52,27
DA:56,27
DA:57,1
DA:61,26
DA:62,26
DA:63,26
DA:65,26
DA:66,26
DA:70,26
DA:72,26
DA:74,26
DA:76,2
DA:78,2
DA:80,0
DA:83,25
DA:85,25
DA:89,25
DA:92,3
DA:98,4
DA:99,1
DA:105,3
DA:113,27
DA:114,0
DA:117,27
DA:119,27
DA:120,27
DA:124,0
DA:131,27
DA:133,27
DA:137,27
DA:138,24
DA:139,0
DA:143,24
DA:144,0
DA:149,27
DA:158,27
DA:165,27
DA:168,27
DA:173,23
DA:174,23
DA:176,23
DA:179,0
DA:191,23
DA:193,92
DA:194,0
DA:197,23
DA:198,23
DA:199,23
DA:200,23
DA:201,23
DA:203,23
DA:204,23
DA:208,0
DA:212,0
DA:216,23
DA:221,0
DA:222,0
DA:223,0
DA:224,0
DA:226,0
DA:227,0
DA:228,0
DA:230,0
DA:235,0
DA:236,0
DA:238,0
DA:239,0
DA:241,0
DA:244,0
DA:245,0
DA:246,0
DA:247,0
DA:248,0
DA:251,0
DA:260,0
DA:261,0
DA:262,0
DA:264,0
DA:268,22
DA:270,22
DA:281,22
DA:282,22
DA:285,22
DA:286,22
DA:287,22
DA:289,22
DA:293,22
DA:295,22
DA:300,0
DA:301,0
DA:306,22
DA:307,22
DA:308,0
DA:312,0
DA:313,0
DA:314,0
DA:316,0
DA:317,0
DA:318,0
DA:319,0
DA:322,0
DA:323,0
DA:324,0
DA:327,0
DA:332,88
DA:333,22
DA:334,66
DA:335,22
DA:336,44
DA:337,66
DA:338,66
DA:341,0
DA:345,88
DA:349,22
DA:350,22
DA:352,0
DA:360,22
DA:362,22
DA:372,22
DA:374,22
DA:376,22
DA:385,22
DA:386,22
DA:389,0
DA:391,0
DA:394,0
DA:409,22
DA:410,1
DA:411,1
DA:412,1
DA:415,21
DA:417,21
DA:418,21
DA:420,21
DA:421,0
DA:426,21
DA:428,0
DA:434,21
DA:435,21
DA:436,21
DA:438,21
DA:446,22
DA:447,2
DA:450,20
DA:451,20
DA:453,20
DA:458,60
DA:460,60
DA:461,60
DA:463,0
DA:465,0
DA:466,0
DA:468,0
DA:473,20
DA:476,20
DA:482,22
DA:483,1
DA:485,21
DA:486,21
DA:488,21
DA:490,21
DA:491,0
DA:496,21
DA:498,0
DA:504,21
DA:506,21
DA:513,43
DA:539,0
DA:543,0
DA:544,0
DA:546,0
DA:549,0
DA:550,0
DA:558,0
DA:561,0
DA:565,0
DA:571,0
DA:572,0
DA:574,0
DA:578,0
DA:579,0
DA:583,0
DA:584,0
DA:586,0
DA:590,0
DA:591,0
DA:594,0
DA:597,0
DA:601,0
DA:602,0
DA:608,0
DA:610,0
DA:611,0
DA:616,23
DA:622,23
DA:623,22
DA:627,27
DA:629,27
DA:632,27
DA:635,27
DA:638,27
DA:641,23
DA:644,23
DA:647,23
DA:650,22
DA:653,22
DA:656,22
DA:659,22
DA:662,22
DA:665,22
DA:668,22
DA:671,22
DA:674,5
DA:679,1
LF:249
LH:164
BRDA:56,0,0,1
BRDA:56,0,1,26
BRDA:56,1,0,27
BRDA:56,1,1,1
BRDA:62,2,0,26
BRDA:62,2,1,0
BRDA:65,3,0,26
BRDA:65,3,1,0
BRDA:76,4,0,2
BRDA:76,4,1,0
BRDA:84,5,0,1
BRDA:84,5,1,24
BRDA:89,6,0,3
BRDA:89,6,1,22
BRDA:89,7,0,25
BRDA:89,7,1,3
BRDA:98,8,0,1
BRDA:98,8,1,3
BRDA:113,9,0,0
BRDA:113,9,1,27
BRDA:121,10,0,27
BRDA:121,10,1,0
BRDA:133,11,0,27
BRDA:133,11,1,0
BRDA:137,12,0,24
BRDA:137,12,1,3
BRDA:137,13,0,27
BRDA:137,13,1,27
BRDA:138,14,0,0
BRDA:138,14,1,24
BRDA:140,15,0,0
BRDA:140,15,1,0
BRDA:143,16,0,0
BRDA:143,16,1,24
BRDA:145,17,0,0
BRDA:145,17,1,0
BRDA:152,18,0,27
BRDA:152,18,1,27
BRDA:153,19,0,27
BRDA:153,19,1,0
BRDA:154,20,0,27
BRDA:154,20,1,0
BRDA:155,21,0,27
BRDA:155,21,1,0
BRDA:160,22,0,27
BRDA:160,22,1,27
BRDA:193,23,0,0
BRDA:193,23,1,23
BRDA:193,24,0,23
BRDA:193,24,1,23
BRDA:235,25,0,0
BRDA:235,25,1,0
BRDA:235,26,0,0
BRDA:235,26,1,0
BRDA:235,26,2,0
BRDA:246,27,0,0
BRDA:246,27,1,0
BRDA:246,28,0,0
BRDA:246,28,1,0
BRDA:261,29,0,0
BRDA:261,29,1,0
BRDA:264,30,0,0
BRDA:264,30,1,0
BRDA:307,31,0,0
BRDA:307,31,1,22
BRDA:313,32,0,0
BRDA:313,32,1,0
BRDA:318,33,0,0
BRDA:318,33,1,0
BRDA:322,34,0,0
BRDA:322,34,1,0
BRDA:322,35,0,0
BRDA:322,35,1,0
BRDA:332,36,0,22
BRDA:332,36,1,66
BRDA:334,37,0,22
BRDA:334,37,1,44
BRDA:336,38,0,44
BRDA:336,38,1,0
BRDA:338,39,0,0
BRDA:338,39,1,66
BRDA:345,40,0,0
BRDA:345,40,1,0
BRDA:385,41,0,22
BRDA:385,41,1,0
BRDA:409,42,0,1
BRDA:409,42,1,21
BRDA:420,43,0,0
BRDA:420,43,1,21
BRDA:446,44,0,2
BRDA:446,44,1,20
BRDA:460,45,0,60
BRDA:460,45,1,0
BRDA:465,46,0,0
BRDA:465,46,1,0
BRDA:482,47,0,1
BRDA:482,47,1,21
BRDA:490,48,0,0
BRDA:490,48,1,21
BRDA:517,49,0,43
BRDA:517,49,1,0
BRDA:533,50,0,43
BRDA:533,50,1,0
BRDA:549,51,0,0
BRDA:549,51,1,0
BRDA:549,52,0,0
BRDA:549,52,1,0
BRDA:549,52,2,0
BRDA:549,52,3,0
BRDA:571,53,0,0
BRDA:571,53,1,0
BRDA:583,54,0,0
BRDA:583,54,1,0
BRF:113
BRH:53
end_of_record
TN:
SF:/home/denys/Documents/cf-api/build-manager/lib/flows/Start.js
FN:25,(anonymous_0)
FN:30,(anonymous_1)
FN:32,(anonymous_2)
FN:35,(anonymous_3)
FN:64,(anonymous_4)
FN:70,(anonymous_5)
FN:77,(anonymous_6)
FN:79,(anonymous_7)
FN:86,(anonymous_8)
FN:89,(anonymous_9)
FN:92,(anonymous_10)
FN:101,(anonymous_11)
FN:106,(anonymous_12)
FNF:13
FNH:0
FNDA:0,(anonymous_0)
FNDA:0,(anonymous_1)
FNDA:0,(anonymous_2)
FNDA:0,(anonymous_3)
FNDA:0,(anonymous_4)
FNDA:0,(anonymous_5)
FNDA:0,(anonymous_6)
FNDA:0,(anonymous_7)
FNDA:0,(anonymous_8)
FNDA:0,(anonymous_9)
FNDA:0,(anonymous_10)
FNDA:0,(anonymous_11)
FNDA:0,(anonymous_12)
DA:4,1
DA:5,1
DA:6,1
DA:7,1
DA:8,1
DA:9,1
DA:10,1
DA:11,1
DA:12,1
DA:13,1
DA:14,1
DA:15,1
DA:26,0
DA:27,0
DA:31,0
DA:33,0
DA:36,0
DA:37,0
DA:40,0
DA:41,0
DA:44,0
DA:45,0
DA:55,0
DA:57,0
DA:58,0
DA:65,0
DA:66,0
DA:71,0
DA:72,0
DA:74,0
DA:78,0
DA:80,0
DA:83,0
DA:85,0
DA:87,0
DA:90,0
DA:91,0
DA:93,0
DA:97,0
DA:98,0
DA:102,0
DA:107,0
DA:115,1
LF:43
LH:13
BRDA:36,0,0,0
BRDA:36,0,1,0
BRDA:40,1,0,0
BRDA:40,1,1,0
BRDA:44,2,0,0
BRDA:44,2,1,0
BRDA:57,3,0,0
BRDA:57,3,1,0
BRDA:80,4,0,0
BRDA:80,4,1,0
BRF:10
BRH:0
end_of_record
TN:
SF:/home/denys/Documents/cf-api/build-manager/lib/flows/Terminate.js
FN:23,(anonymous_0)
FN:36,(anonymous_1)
FN:65,(anonymous_2)
FN:68,(anonymous_3)
FN:74,(anonymous_4)
FN:84,(anonymous_5)
FN:88,(anonymous_6)
FN:95,(anonymous_7)
FN:117,(anonymous_8)
FN:120,(anonymous_9)
FN:127,(anonymous_10)
FN:129,(anonymous_11)
FN:138,(anonymous_12)
FN:140,(anonymous_13)
FN:143,(anonymous_14)
FN:146,(anonymous_15)
FNF:16
FNH:0
FNDA:0,(anonymous_0)
FNDA:0,(anonymous_1)
FNDA:0,(anonymous_2)
FNDA:0,(anonymous_3)
FNDA:0,(anonymous_4)
FNDA:0,(anonymous_5)
FNDA:0,(anonymous_6)
FNDA:0,(anonymous_7)
FNDA:0,(anonymous_8)
FNDA:0,(anonymous_9)
FNDA:0,(anonymous_10)
FNDA:0,(anonymous_11)
FNDA:0,(anonymous_12)
FNDA:0,(anonymous_13)
FNDA:0,(anonymous_14)
FNDA:0,(anonymous_15)
DA:3,1
DA:4,1
DA:5,1
DA:6,1
DA:7,1
DA:8,1
DA:9,1
DA:10,1
DA:11,1
DA:12,1
DA:13,1
DA:14,1
DA:24,0
DA:25,0
DA:37,0
DA:43,0
DA:45,0
DA:48,0
DA:49,0
DA:58,0
DA:66,0
DA:69,0
DA:71,0
DA:73,0
DA:75,0
DA:76,0
DA:78,0
DA:82,0
DA:83,0
DA:86,0
DA:87,0
DA:89,0
DA:90,0
DA:96,0
DA:99,0
DA:101,0
DA:103,0
DA:106,0
DA:107,0
DA:109,0
DA:110,0
DA:112,0
DA:118,0
DA:119,0
DA:122,0
DA:123,0
DA:128,0
DA:130,0
DA:139,0
DA:141,0
DA:144,0
DA:147,0
DA:155,1
LF:53
LH:13
BRDA:43,0,0,0
BRDA:43,0,1,0
BRDA:43,1,0,0
BRDA:43,1,1,0
BRDA:48,2,0,0
BRDA:48,2,1,0
BRDA:51,3,0,0
BRDA:51,3,1,0
BRDA:52,4,0,0
BRDA:52,4,1,0
BRDA:54,5,0,0
BRDA:54,5,1,0
BRDA:71,6,0,0
BRDA:71,6,1,0
BRDA:75,7,0,0
BRDA:75,7,1,0
BRDA:82,8,0,0
BRDA:82,8,1,0
BRDA:86,9,0,0
BRDA:86,9,1,0
BRDA:89,10,0,0
BRDA:89,10,1,0
BRDA:99,11,0,0
BRDA:99,11,1,0
BRDA:106,12,0,0
BRDA:106,12,1,0
BRDA:109,13,0,0
BRDA:109,13,1,0
BRF:28
BRH:0
end_of_record
TN:
SF:/home/denys/Documents/cf-api/build-manager/lib/flows/build-strategies/index.js
FN:7,_ensurePreviousWorkflowExist
FN:16,_getWorkflowContextRevision
FN:21,(anonymous_2)
FN:32,_getVariablesFromContextRevisionAsArray
FN:35,(anonymous_4)
FN:39,_filterStepMetadataFromWorkflowContextRevision
FN:42,(anonymous_6)
FN:46,(anonymous_7)
FN:55,_updateContextRevisionEnvironmentVariables
FN:60,actOnRestartFailedStepsBuildStrategy
FN:69,(anonymous_10)
FN:72,(anonymous_11)
FN:76,(anonymous_12)
FN:84,(anonymous_13)
FN:85,(anonymous_14)
FN:95,actOnRestartFromRevisionBuildStrategy
FN:113,(anonymous_16)
FN:116,(anonymous_17)
FN:121,(anonymous_18)
FN:130,(anonymous_19)
FN:133,(anonymous_20)
FN:145,(anonymous_21)
FN:146,(anonymous_22)
FNF:23
FNH:21
FNDA:13,_ensurePreviousWorkflowExist
FNDA:11,_getWorkflowContextRevision
FNDA:11,(anonymous_2)
FNDA:9,_getVariablesFromContextRevisionAsArray
FNDA:0,(anonymous_4)
FNDA:13,_filterStepMetadataFromWorkflowContextRevision
FNDA:12,(anonymous_6)
FNDA:7,(anonymous_7)
FNDA:9,_updateContextRevisionEnvironmentVariables
FNDA:6,actOnRestartFailedStepsBuildStrategy
FNDA:5,(anonymous_10)
FNDA:5,(anonymous_11)
FNDA:4,(anonymous_12)
FNDA:5,(anonymous_13)
FNDA:3,(anonymous_14)
FNDA:7,actOnRestartFromRevisionBuildStrategy
FNDA:6,(anonymous_16)
FNDA:6,(anonymous_17)
FNDA:5,(anonymous_18)
FNDA:4,(anonymous_19)
FNDA:5,(anonymous_20)
FNDA:21,(anonymous_21)
FNDA:0,(anonymous_22)
DA:1,8
DA:2,8
DA:3,8
DA:4,8
DA:5,8
DA:8,13
DA:9,1
DA:17,11
DA:22,11
DA:23,2
DA:28,9
DA:33,9
DA:35,0
DA:40,13
DA:42,12
DA:47,7
DA:48,7
DA:49,7
DA:50,7
DA:56,9
DA:57,9
DA:61,6
DA:62,6
DA:64,1
DA:67,5
DA:68,5
DA:69,5
DA:73,5
DA:78,4
DA:80,4
DA:81,4
DA:84,5
DA:85,4
DA:86,4
DA:87,4
DA:88,4
DA:96,7
DA:97,7
DA:99,0
DA:102,7
DA:103,7
DA:105,7
DA:106,1
DA:112,6
DA:113,6
DA:117,6
DA:124,5
DA:126,5
DA:127,5
DA:130,5
DA:131,5
DA:132,5
DA:134,5
DA:143,8
DA:145,21
DA:146,0
LF:56
LH:53
BRDA:8,0,0,1
BRDA:8,0,1,12
BRDA:22,1,0,2
BRDA:22,1,1,9
BRDA:39,2,0,0
BRDA:105,3,0,1
BRDA:105,3,1,6
BRF:7
BRH:6
end_of_record
TN:
SF:/home/denys/Documents/cf-api/build-manager/lib/manager/terminator.js
FN:40,_humanizeDuration
FN:57,(anonymous_1)
FN:62,(anonymous_2)
FN:74,(anonymous_3)
FN:90,(anonymous_4)
FN:101,(anonymous_5)
FN:104,(anonymous_6)
FN:113,(anonymous_7)
FN:162,(anonymous_8)
FN:202,(anonymous_9)
FN:207,(anonymous_10)
FN:219,(anonymous_11)
FN:223,(anonymous_12)
FN:243,(anonymous_13)
FN:250,(anonymous_14)
FN:253,(anonymous_15)
FN:266,(anonymous_16)
FN:283,(anonymous_17)
FN:289,(anonymous_18)
FNF:19
FNH:11
FNDA:4,_humanizeDuration
FNDA:7,(anonymous_1)
FNDA:7,(anonymous_2)
FNDA:0,(anonymous_3)
FNDA:0,(anonymous_4)
FNDA:0,(anonymous_5)
FNDA:0,(anonymous_6)
FNDA:6,(anonymous_7)
FNDA:5,(anonymous_8)
FNDA:5,(anonymous_9)
FNDA:5,(anonymous_10)
FNDA:6,(anonymous_11)
FNDA:0,(anonymous_12)
FNDA:5,(anonymous_13)
FNDA:5,(anonymous_14)
FNDA:0,(anonymous_15)
FNDA:5,(anonymous_16)
FNDA:0,(anonymous_17)
FNDA:0,(anonymous_18)
DA:3,7
DA:4,7
DA:5,7
DA:6,7
DA:7,7
DA:8,7
DA:9,7
DA:10,7
DA:11,7
DA:12,7
DA:13,7
DA:19,7
DA:21,7
DA:22,7
DA:23,7
DA:25,7
DA:28,7
DA:30,7
DA:32,0
DA:33,0
DA:34,0
DA:35,0
DA:36,0
DA:37,0
DA:43,4
DA:44,4
DA:45,4
DA:47,4
DA:49,4
DA:51,4
DA:53,4
DA:57,7
DA:62,7
DA:65,7
DA:69,7
DA:72,7
DA:75,0
DA:77,0
DA:90,7
DA:92,0
DA:94,0
DA:100,0
DA:102,0
DA:105,0
DA:113,7
DA:115,6
DA:116,6
DA:124,6
DA:126,2
DA:128,2
DA:129,1
DA:130,1
DA:141,5
DA:142,0
DA:143,0
DA:148,5
DA:150,0
DA:152,0
DA:161,5
DA:165,5
DA:166,0
DA:171,0
DA:179,5
DA:183,5
DA:184,2
DA:185,2
DA:187,3
DA:190,3
DA:202,7
DA:205,5
DA:208,5
DA:209,0
DA:210,0
DA:213,5
DA:218,5
DA:220,6
DA:224,0
DA:230,0
DA:231,0
DA:237,5
DA:243,7
DA:244,5
DA:247,5
DA:251,5
DA:255,0
DA:261,0
DA:262,0
DA:268,5
DA:274,5
DA:283,7
DA:285,0
DA:288,0
DA:290,0
DA:296,7
LF:94
LH:64
BRDA:30,0,0,0
BRDA:30,0,1,7
BRDA:47,1,0,0
BRDA:47,1,1,4
BRDA:49,2,0,4
BRDA:49,2,1,0
BRDA:119,3,0,6
BRDA:119,3,1,6
BRDA:119,3,2,0
BRDA:124,4,0,2
BRDA:124,4,1,4
BRDA:124,5,0,6
BRDA:124,5,1,2
BRDA:128,6,0,1
BRDA:128,6,1,1
BRDA:141,7,0,0
BRDA:141,7,1,5
BRDA:148,8,0,0
BRDA:148,8,1,5
BRDA:148,9,0,5
BRDA:148,9,1,5
BRDA:165,10,0,0
BRDA:165,10,1,5
BRDA:183,11,0,2
BRDA:183,11,1,3
BRDA:208,12,0,0
BRDA:208,12,1,5
BRDA:208,13,0,5
BRDA:208,13,1,5
BRF:29
BRH:21
end_of_record
TN:
SF:/home/denys/Documents/cf-api/build-manager/lib/manager/workflowScheduler.js
FN:20,(anonymous_0)
FN:24,(anonymous_1)
FN:27,(anonymous_2)
FN:32,(anonymous_3)
FN:37,(anonymous_4)
FN:42,(anonymous_5)
FN:45,(anonymous_6)
FN:49,(anonymous_7)
FN:50,(anonymous_8)
FN:54,(anonymous_9)
FN:57,(anonymous_10)
FN:61,(anonymous_11)
FN:68,(anonymous_12)
FN:75,(anonymous_13)
FN:77,(anonymous_14)
FN:81,(anonymous_15)
FNF:16
FNH:6
FNDA:2,(anonymous_0)
FNDA:2,(anonymous_1)
FNDA:2,(anonymous_2)
FNDA:1,(anonymous_3)
FNDA:0,(anonymous_4)
FNDA:1,(anonymous_5)
FNDA:1,(anonymous_6)
FNDA:0,(anonymous_7)
FNDA:0,(anonymous_8)
FNDA:0,(anonymous_9)
FNDA:0,(anonymous_10)
FNDA:0,(anonymous_11)
FNDA:0,(anonymous_12)
FNDA:0,(anonymous_13)
FNDA:0,(anonymous_14)
FNDA:0,(anonymous_15)
DA:3,2
DA:4,2
DA:5,2
DA:6,2
DA:7,2
DA:8,2
DA:9,2
DA:10,2
DA:11,2
DA:12,2
DA:13,2
DA:14,2
DA:21,2
DA:25,2
DA:26,2
DA:28,2
DA:33,1
DA:34,1
DA:38,0
DA:39,0
DA:43,1
DA:44,1
DA:46,1
DA:47,1
DA:49,0
DA:50,0
DA:51,0
DA:52,0
DA:53,0
DA:55,0
DA:56,0
DA:58,0
DA:60,0
DA:62,0
DA:63,0
DA:64,0
DA:65,0
DA:68,0
DA:71,0
DA:76,0
DA:78,0
DA:79,0
DA:81,0
DA:85,2
LF:44
LH:23
BRDA:46,0,0,1
BRDA:46,0,1,0
BRDA:46,1,0,1
BRDA:46,1,1,1
BRF:4
BRH:3
end_of_record
TN:
SF:/home/denys/Documents/cf-api/build-manager/lib/manager/find/workflow-account.js
FN:25,(anonymous_0)
FN:29,(anonymous_1)
FN:32,(anonymous_2)
FN:41,(anonymous_3)
FN:47,(anonymous_4)
FN:48,(anonymous_5)
FN:48,(anonymous_6)
FN:54,(anonymous_7)
FN:56,(anonymous_8)
FN:66,(anonymous_9)
FN:77,(anonymous_10)
FN:93,(anonymous_11)
FN:96,(anonymous_12)
FN:97,(anonymous_13)
FN:106,(anonymous_14)
FN:119,(anonymous_15)
FN:125,(anonymous_16)
FN:129,(anonymous_17)
FN:133,(anonymous_18)
FN:142,(anonymous_19)
FN:154,(anonymous_20)
FN:158,(anonymous_21)
FN:174,(anonymous_22)
FN:175,(anonymous_23)
FN:176,(anonymous_24)
FN:179,(anonymous_25)
FN:180,(anonymous_26)
FN:193,(anonymous_27)
FN:203,(anonymous_28)
FN:222,(anonymous_29)
FN:227,(anonymous_30)
FN:228,(anonymous_31)
FN:244,(anonymous_32)
FN:246,(anonymous_33)
FN:251,(anonymous_34)
FN:258,(anonymous_35)
FNF:36
FNH:24
FNDA:15,(anonymous_0)
FNDA:12,(anonymous_1)
FNDA:12,(anonymous_2)
FNDA:12,(anonymous_3)
FNDA:12,(anonymous_4)
FNDA:44,(anonymous_5)
FNDA:59,(anonymous_6)
FNDA:15,(anonymous_7)
FNDA:1,(anonymous_8)
FNDA:0,(anonymous_9)
FNDA:11,(anonymous_10)
FNDA:11,(anonymous_11)
FNDA:0,(anonymous_12)
FNDA:0,(anonymous_13)
FNDA:11,(anonymous_14)
FNDA:22,(anonymous_15)
FNDA:22,(anonymous_16)
FNDA:12,(anonymous_17)
FNDA:19,(anonymous_18)
FNDA:7,(anonymous_19)
FNDA:7,(anonymous_20)
FNDA:7,(anonymous_21)
FNDA:0,(anonymous_22)
FNDA:0,(anonymous_23)
FNDA:0,(anonymous_24)
FNDA:0,(anonymous_25)
FNDA:0,(anonymous_26)
FNDA:0,(anonymous_27)
FNDA:0,(anonymous_28)
FNDA:0,(anonymous_29)
FNDA:7,(anonymous_30)
FNDA:0,(anonymous_31)
FNDA:7,(anonymous_32)
FNDA:13,(anonymous_33)
FNDA:13,(anonymous_34)
FNDA:7,(anonymous_35)
DA:3,15
DA:4,15
DA:5,15
DA:6,15
DA:7,15
DA:8,15
DA:9,15
DA:10,15
DA:11,15
DA:12,15
DA:13,15
DA:14,15
DA:15,15
DA:17,15
DA:26,15
DA:30,12
DA:34,12
DA:35,9
DA:36,9
DA:38,12
DA:42,12
DA:43,12
DA:48,59
DA:49,12
DA:50,2
DA:53,10
DA:54,15
DA:57,1
DA:61,1
DA:62,1
DA:67,0
DA:79,11
DA:89,11
DA:91,11
DA:92,11
DA:95,11
DA:96,0
DA:97,0
DA:100,11
DA:102,11
DA:108,11
DA:112,11
DA:114,11
DA:116,11
DA:120,22
DA:126,22
DA:130,12
DA:133,12
DA:134,19
DA:137,12
DA:138,5
DA:141,7
DA:146,7
DA:148,7
DA:150,7
DA:155,7
DA:157,7
DA:159,7
DA:160,7
DA:162,7
DA:165,7
DA:166,7
DA:173,0
DA:174,0
DA:176,0
DA:178,0
DA:180,0
DA:183,0
DA:184,0
DA:185,0
DA:186,0
DA:187,0
DA:189,0
DA:194,0
DA:205,0
DA:206,0
DA:207,0
DA:208,0
DA:209,0
DA:210,0
DA:213,0
DA:214,0
DA:218,0
DA:223,0
DA:228,7
DA:230,0
DA:236,0
DA:239,7
DA:245,7
DA:246,7
DA:247,13
DA:248,13
DA:252,13
DA:253,13
DA:257,7
DA:259,7
DA:264,15
LF:97
LH:70
BRDA:34,0,0,9
BRDA:34,0,1,3
BRDA:34,1,0,12
BRDA:34,1,1,9
BRDA:48,2,0,44
BRDA:48,2,1,29
BRDA:49,3,0,2
BRDA:49,3,1,10
BRDA:137,4,0,5
BRDA:137,4,1,7
BRDA:165,5,0,7
BRDA:165,5,1,0
BRDA:183,6,0,0
BRDA:183,6,1,0
BRDA:185,7,0,0
BRDA:185,7,1,0
BRDA:205,8,0,0
BRDA:205,8,1,0
BRDA:207,9,0,0
BRDA:207,9,1,0
BRDA:209,10,0,0
BRDA:209,10,1,0
BRDA:213,11,0,0
BRDA:213,11,1,0
BRDA:239,12,0,0
BRDA:239,12,1,7
BRDA:252,13,0,13
BRDA:252,13,1,0
BRF:28
BRH:13
end_of_record
TN:
SF:/home/denys/Documents/cf-api/dal/index.js
FN:6,findWithoutPagination
FN:20,(anonymous_1)
FN:38,(anonymous_2)
FN:76,find
FN:90,findWithPagination
FN:103,findWithAggregate
FN:152,(anonymous_6)
FN:155,(anonymous_7)
FN:177,findWithAggregateAndPopulate
FN:179,(anonymous_9)
FN:186,(anonymous_10)
FN:195,(anonymous_11)
FNF:12
FNH:11
FNDA:25,findWithoutPagination
FNDA:2,(anonymous_1)
FNDA:23,(anonymous_2)
FNDA:35,find
FNDA:14,findWithPagination
FNDA:4,findWithAggregate
FNDA:2,(anonymous_6)
FNDA:1,(anonymous_7)
FNDA:1,findWithAggregateAndPopulate
FNDA:1,(anonymous_9)
FNDA:0,(anonymous_10)
FNDA:1,(anonymous_11)
DA:1,2
DA:2,2
DA:3,2
DA:7,25
DA:8,25
DA:9,25
DA:11,25
DA:12,2
DA:13,2
DA:16,2
DA:17,0
DA:20,2
DA:21,2
DA:22,0
DA:24,2
DA:27,2
DA:30,23
DA:31,23
DA:34,23
DA:37,23
DA:38,23
DA:39,23
DA:40,0
DA:42,23
DA:45,23
DA:77,35
DA:78,1
DA:80,34
DA:81,1
DA:83,33
DA:84,8
DA:86,25
DA:91,14
DA:92,1
DA:94,13
DA:95,1
DA:97,12
DA:98,12
DA:104,4
DA:106,4
DA:107,4
DA:108,4
DA:110,4
DA:111,1
DA:114,3
DA:115,0
DA:118,3
DA:119,0
DA:121,3
DA:122,2
DA:126,1
DA:127,1
DA:130,1
DA:131,1
DA:132,0
DA:133,0
DA:134,1
DA:135,0
DA:136,0
DA:138,1
DA:139,1
DA:140,1
DA:142,1
DA:145,1
DA:146,0
DA:148,1
DA:152,1
DA:153,2
DA:155,1
DA:156,1
DA:161,1
DA:162,1
DA:164,1
DA:165,1
DA:166,1
DA:169,1
DA:178,1
DA:181,1
DA:182,0
DA:183,0
DA:185,0
DA:187,0
DA:188,0
DA:191,1
DA:192,0
DA:194,1
DA:196,1
DA:202,2
DA:203,2
DA:204,2
DA:205,2
LF:91
LH:75
BRDA:8,0,0,25
BRDA:8,0,1,0
BRDA:9,1,0,25
BRDA:9,1,1,0
BRDA:11,2,0,2
BRDA:11,2,1,23
BRDA:16,3,0,0
BRDA:16,3,1,2
BRDA:21,4,0,0
BRDA:21,4,1,2
BRDA:32,5,0,23
BRDA:32,5,1,21
BRDA:34,6,0,16
BRDA:34,6,1,7
BRDA:37,7,0,1
BRDA:37,7,1,22
BRDA:39,8,0,0
BRDA:39,8,1,23
BRDA:77,9,0,1
BRDA:77,9,1,34
BRDA:80,10,0,1
BRDA:80,10,1,33
BRDA:83,11,0,8
BRDA:83,11,1,25
BRDA:83,12,0,33
BRDA:83,12,1,8
BRDA:91,13,0,1
BRDA:91,13,1,13
BRDA:94,14,0,1
BRDA:94,14,1,12
BRDA:97,15,0,12
BRDA:97,15,1,0
BRDA:106,16,0,4
BRDA:106,16,1,0
BRDA:107,17,0,4
BRDA:107,17,1,1
BRDA:110,18,0,1
BRDA:110,18,1,3
BRDA:110,19,0,4
BRDA:110,19,1,1
BRDA:114,20,0,0
BRDA:114,20,1,3
BRDA:118,21,0,0
BRDA:118,21,1,3
BRDA:121,22,0,2
BRDA:121,22,1,1
BRDA:122,23,0,0
BRDA:122,23,1,2
BRDA:126,24,0,1
BRDA:126,24,1,0
BRDA:126,25,0,1
BRDA:126,25,1,1
BRDA:130,26,0,1
BRDA:130,26,1,0
BRDA:131,27,0,0
BRDA:131,27,1,1
BRDA:134,28,0,0
BRDA:134,28,1,1
BRDA:145,29,0,0
BRDA:145,29,1,1
BRDA:161,30,0,1
BRDA:161,30,1,0
BRDA:164,31,0,1
BRDA:164,31,1,0
BRDA:166,32,0,1
BRDA:166,32,1,0
BRDA:181,33,0,0
BRDA:181,33,1,1
BRDA:182,34,0,0
BRDA:182,34,1,0
BRDA:191,35,0,0
BRDA:191,35,1,1
BRF:72
BRH:50
end_of_record
TN:
SF:/home/denys/Documents/cf-api/dal/tests/test.models.js
FNF:0
FNH:0
DA:1,1
DA:2,1
DA:3,1
DA:6,1
DA:11,1
DA:21,1
DA:29,1
DA:30,1
DA:33,1
DA:35,1
DA:41,1
LF:11
LH:11
BRF:0
BRH:0
end_of_record
TN:
SF:/home/denys/Documents/cf-api/errors/errors.js
FNF:0
FNH:0
DA:6,63
DA:11,63
DA:16,63
DA:21,63
DA:26,63
DA:31,63
DA:37,63
DA:42,63
DA:50,63
LF:9
LH:9
BRF:0
BRH:0
end_of_record
TN:
SF:/home/denys/Documents/cf-api/errors/CFBaseError/index.js
FN:11,(anonymous_0)
FN:25,(anonymous_1)
FN:42,(anonymous_2)
FNF:3
FNH:3
FNDA:440,(anonymous_0)
FNDA:25,(anonymous_1)
FNDA:80,(anonymous_2)
DA:2,7
DA:3,7
DA:12,440
DA:13,440
DA:14,440
DA:15,297
DA:17,440
DA:18,440
DA:19,440
DA:20,440
DA:21,49
DA:23,440
DA:24,440
DA:27,25
DA:28,25
DA:30,25
DA:31,3
DA:33,22
DA:34,14
DA:37,25
DA:43,80
DA:44,80
DA:45,4
DA:46,76
DA:47,4
DA:50,80
DA:55,7
LF:27
LH:27
BRDA:12,0,0,440
BRDA:12,0,1,1
BRDA:14,1,0,297
BRDA:14,1,1,143
BRDA:20,2,0,49
BRDA:20,2,1,391
BRDA:30,3,0,3
BRDA:30,3,1,22
BRDA:30,4,0,25
BRDA:30,4,1,22
BRDA:33,5,0,14
BRDA:33,5,1,8
BRDA:44,6,0,4
BRDA:44,6,1,76
BRDA:44,7,0,80
BRDA:44,7,1,79
BRDA:46,8,0,4
BRDA:46,8,1,72
BRF:18
BRH:18
end_of_record
TN:
SF:/home/denys/Documents/cf-api/errors/CFExtendedError/index.js
FN:16,(anonymous_0)
FN:68,(anonymous_1)
FN:72,(anonymous_2)
FN:79,(anonymous_3)
FN:85,(anonymous_4)
FNF:5
FNH:4
FNDA:430,(anonymous_0)
FNDA:360,(anonymous_1)
FNDA:94,(anonymous_2)
FNDA:1,(anonymous_3)
FNDA:0,(anonymous_4)
DA:3,2
DA:4,2
DA:17,430
DA:18,0
DA:20,430
DA:21,92
DA:22,92
DA:23,92
DA:25,338
DA:26,301
DA:27,9
DA:28,9
DA:32,9
DA:34,292
DA:35,292
DA:36,292
DA:39,292
DA:40,292
DA:41,292
DA:42,292
DA:43,292
DA:46,37
DA:47,36
DA:48,36
DA:49,36
DA:50,36
DA:51,36
DA:55,36
DA:56,36
DA:57,36
DA:58,36
DA:60,1
DA:69,360
DA:73,94
DA:74,94
DA:75,94
DA:80,1
DA:81,1
DA:86,0
DA:87,0
DA:94,2
LF:41
LH:38
BRDA:17,0,0,0
BRDA:17,0,1,430
BRDA:20,1,0,92
BRDA:20,1,1,338
BRDA:25,2,0,301
BRDA:25,2,1,37
BRDA:26,3,0,9
BRDA:26,3,1,292
BRDA:35,4,0,292
BRDA:35,4,1,268
BRDA:36,5,0,292
BRDA:36,5,1,15
BRDA:46,6,0,36
BRDA:46,6,1,1
BRDA:47,7,0,36
BRDA:47,7,1,0
BRDA:49,8,0,36
BRDA:49,8,1,17
BRDA:50,9,0,36
BRDA:50,9,1,4
BRDA:50,10,0,1
BRDA:50,10,1,3
BRDA:76,11,0,6
BRDA:76,11,1,88
BRDA:80,12,0,1
BRDA:80,12,1,0
BRDA:86,13,0,0
BRDA:86,13,1,0
BRF:28
BRH:23
end_of_record
TN:
SF:/home/denys/Documents/cf-api/errors/CFGatewayError/index.js
FN:15,(anonymous_0)
FN:35,(anonymous_1)
FN:63,(anonymous_2)
FN:74,(anonymous_3)
FN:77,(anonymous_4)
FNF:5
FNH:5
FNDA:137,(anonymous_0)
FNDA:72,(anonymous_1)
FNDA:10,(anonymous_2)
FNDA:10,(anonymous_3)
FNDA:22,(anonymous_4)
DA:4,2
DA:5,2
DA:6,2
DA:16,137
DA:17,1
DA:20,136
DA:21,136
DA:22,60
DA:24,136
DA:25,25
DA:27,136
DA:28,136
DA:29,136
DA:36,72
DA:38,72
DA:39,63
DA:40,63
DA:42,9
DA:43,9
DA:46,72
DA:47,72
DA:48,9
DA:51,72
DA:64,10
DA:65,10
DA:75,10
DA:76,10
DA:77,10
DA:78,22
DA:79,0
DA:82,10
DA:87,2
LF:32
LH:31
BRDA:16,0,0,1
BRDA:16,0,1,136
BRDA:21,1,0,60
BRDA:21,1,1,76
BRDA:24,2,0,25
BRDA:24,2,1,111
BRDA:24,3,0,136
BRDA:24,3,1,25
BRDA:38,4,0,63
BRDA:38,4,1,9
BRDA:47,5,0,9
BRDA:47,5,1,63
BRDA:78,6,0,0
BRDA:78,6,1,22
BRF:14
BRH:13
end_of_record
TN:
SF:/home/denys/Documents/cf-api/errors/CFLogicError/index.js
FN:14,(anonymous_0)
FNF:1
FNH:1
FNDA:285,(anonymous_0)
DA:3,2
DA:4,2
DA:5,2
DA:15,285
DA:16,1
DA:18,284
DA:19,284
DA:20,269
DA:22,284
DA:23,9
DA:25,284
DA:28,284
DA:29,284
DA:33,284
DA:37,2
LF:15
LH:15
BRDA:15,0,0,1
BRDA:15,0,1,284
BRDA:19,1,0,269
BRDA:19,1,1,15
BRDA:22,2,0,9
BRDA:22,2,1,275
BRDA:28,3,0,284
BRDA:28,3,1,0
BRF:8
BRH:7
end_of_record
TN:
SF:/home/denys/Documents/cf-api/errors/CFLogicError/tests/TestClass.js
FN:9,(anonymous_0)
FN:14,(anonymous_1)
FN:21,(anonymous_2)
FNF:3
FNH:2
FNDA:5,(anonymous_0)
FNDA:0,(anonymous_1)
FNDA:3,(anonymous_2)
DA:6,1
DA:10,5
DA:15,0
DA:22,3
DA:27,1
LF:5
LH:4
BRF:0
BRH:0
end_of_record
TN:
SF:/home/denys/Documents/cf-api/errors/gatewayErrors/index.js
FNF:0
FNH:0
DA:2,2
DA:19,2
LF:2
LH:2
BRF:0
BRH:0
end_of_record
TN:
SF:/home/denys/Documents/cf-api/errors/gatewayErrors/accounts/EmailAlreadyExistsWhileUpdatingPendingUserError.js
FN:8,(anonymous_0)
FN:12,(anonymous_1)
FNF:2
FNH:2
FNDA:2,(anonymous_0)
FNDA:9,(anonymous_1)
DA:3,2
DA:5,2
DA:9,2
DA:13,9
DA:32,2
LF:5
LH:5
BRF:0
BRH:0
end_of_record
TN:
SF:/home/denys/Documents/cf-api/errors/gatewayErrors/accounts/UserNotFoundWhenResendingInviteMailError.js
FN:6,(anonymous_0)
FN:10,(anonymous_1)
FNF:2
FNH:2
FNDA:2,(anonymous_0)
FNDA:9,(anonymous_1)
DA:3,2
DA:7,2
DA:11,9
DA:34,2
LF:4
LH:4
BRF:0
BRH:0
end_of_record
TN:
SF:/home/denys/Documents/cf-api/errors/gatewayErrors/accounts/index.js
FNF:0
FNH:0
DA:3,2
DA:6,2
LF:2
LH:2
BRF:0
BRH:0
end_of_record
TN:
SF:/home/denys/Documents/cf-api/errors/gatewayErrors/auth/FailedToAuthError.js
FN:8,(anonymous_0)
FN:12,(anonymous_1)
FN:16,(anonymous_2)
FN:34,(anonymous_3)
FN:38,(anonymous_4)
FN:42,(anonymous_5)
FN:56,(anonymous_6)
FN:60,(anonymous_7)
FN:64,(anonymous_8)
FN:79,(anonymous_9)
FN:83,(anonymous_10)
FN:87,(anonymous_11)
FNF:12
FNH:12
FNDA:1,(anonymous_0)
FNDA:2,(anonymous_1)
FNDA:9,(anonymous_2)
FNDA:1,(anonymous_3)
FNDA:2,(anonymous_4)
FNDA:9,(anonymous_5)
FNDA:5,(anonymous_6)
FNDA:6,(anonymous_7)
FNDA:15,(anonymous_8)
FNDA:1,(anonymous_9)
FNDA:2,(anonymous_10)
FNDA:9,(anonymous_11)
DA:3,2
DA:4,2
DA:5,2
DA:9,1
DA:13,2
DA:17,9
DA:35,1
DA:39,2
DA:43,9
DA:57,5
DA:61,6
DA:65,15
DA:80,1
DA:84,2
DA:88,9
DA:103,2
DA:109,2
LF:17
LH:17
BRF:0
BRH:0
end_of_record
TN:
SF:/home/denys/Documents/cf-api/errors/gatewayErrors/auth/FailedToAuthUsingSso.js
FN:8,(anonymous_0)
FN:12,(anonymous_1)
FN:29,(anonymous_2)
FN:33,(anonymous_3)
FN:37,(anonymous_4)
FN:54,(anonymous_5)
FN:58,(anonymous_6)
FN:62,(anonymous_7)
FNF:8
FNH:8
FNDA:1,(anonymous_0)
FNDA:30,(anonymous_1)
FNDA:1,(anonymous_2)
FNDA:2,(anonymous_3)
FNDA:9,(anonymous_4)
FNDA:3,(anonymous_5)
FNDA:4,(anonymous_6)
FNDA:12,(anonymous_7)
DA:3,2
DA:4,2
DA:5,2
DA:9,1
DA:13,30
DA:30,1
DA:34,2
DA:38,9
DA:55,3
DA:59,4
DA:63,12
DA:77,2
DA:82,2
LF:13
LH:13
BRF:0
BRH:0
end_of_record
TN:
SF:/home/denys/Documents/cf-api/errors/gatewayErrors/auth/FailedToCreateApiKeyError.js
FN:7,(anonymous_0)
FN:11,(anonymous_1)
FN:15,(anonymous_2)
FNF:3
FNH:3
FNDA:1,(anonymous_0)
FNDA:2,(anonymous_1)
FNDA:9,(anonymous_2)
DA:3,2
DA:4,2
DA:8,1
DA:12,2
DA:16,9
DA:36,2
DA:39,2
LF:7
LH:7
BRF:0
BRH:0
end_of_record
TN:
SF:/home/denys/Documents/cf-api/errors/gatewayErrors/auth/FailedToHandleCBError.js
FN:9,(anonymous_0)
FN:13,(anonymous_1)
FN:30,(anonymous_2)
FN:34,(anonymous_3)
FN:38,(anonymous_4)
FN:51,(anonymous_5)
FN:55,(anonymous_6)
FN:59,(anonymous_7)
FN:73,(anonymous_8)
FN:77,(anonymous_9)
FN:81,(anonymous_10)
FN:95,(anonymous_11)
FN:99,(anonymous_12)
FN:103,(anonymous_13)
FN:116,(anonymous_14)
FN:120,(anonymous_15)
FN:124,(anonymous_16)
FNF:17
FNH:17
FNDA:4,(anonymous_0)
FNDA:63,(anonymous_1)
FNDA:1,(anonymous_2)
FNDA:2,(anonymous_3)
FNDA:9,(anonymous_4)
FNDA:1,(anonymous_5)
FNDA:2,(anonymous_6)
FNDA:9,(anonymous_7)
FNDA:1,(anonymous_8)
FNDA:2,(anonymous_9)
FNDA:9,(anonymous_10)
FNDA:1,(anonymous_11)
FNDA:2,(anonymous_12)
FNDA:9,(anonymous_13)
FNDA:1,(anonymous_14)
FNDA:2,(anonymous_15)
FNDA:9,(anonymous_16)
DA:3,2
DA:4,2
DA:5,2
DA:6,2
DA:10,4
DA:14,63
DA:31,1
DA:35,2
DA:39,9
DA:52,1
DA:56,2
DA:60,9
DA:74,1
DA:78,2
DA:82,9
DA:96,1
DA:100,2
DA:104,9
DA:117,1
DA:121,2
DA:125,9
DA:137,2
DA:144,2
LF:23
LH:23
BRF:0
BRH:0
end_of_record
TN:
SF:/home/denys/Documents/cf-api/errors/gatewayErrors/auth/FailedToHandleCBUserMustLoginWithSsoError.js
FN:8,(anonymous_0)
FN:12,(anonymous_1)
FN:29,(anonymous_2)
FN:33,(anonymous_3)
FN:37,(anonymous_4)
FNF:5
FNH:5
FNDA:1,(anonymous_0)
FNDA:18,(anonymous_1)
FNDA:1,(anonymous_2)
FNDA:2,(anonymous_3)
FNDA:9,(anonymous_4)
DA:3,2
DA:4,2
DA:5,2
DA:9,1
DA:13,18
DA:30,1
DA:34,2
DA:38,9
DA:51,2
DA:55,2
LF:10
LH:10
BRF:0
BRH:0
end_of_record
TN:
SF:/home/denys/Documents/cf-api/errors/gatewayErrors/auth/FailedToSignUpError.js
FN:9,(anonymous_0)
FN:13,(anonymous_1)
FN:17,(anonymous_2)
FN:36,(anonymous_3)
FN:40,(anonymous_4)
FN:44,(anonymous_5)
FN:60,(anonymous_6)
FN:64,(anonymous_7)
FN:68,(anonymous_8)
FNF:9
[...]
DA:360,1
DA:361,0
DA:362,0
DA:363,0
DA:365,0
DA:369,1
DA:370,0
DA:377,0
DA:384,0
DA:391,0
DA:398,0
DA:405,0
DA:408,1
DA:409,0
DA:431,1
DA:432,0
DA:441,1
DA:442,0
DA:451,1
DA:452,1
DA:453,1
DA:454,1
DA:455,1
DA:456,0
DA:458,1
DA:461,1
DA:464,1
DA:465,0
DA:466,0
DA:467,0
DA:469,0
DA:470,0
DA:471,0
DA:472,0
DA:474,0
DA:477,0
DA:483,0
DA:484,0
DA:487,1
DA:488,0
DA:489,0
DA:491,0
DA:493,0
DA:495,0
DA:500,1
DA:501,0
DA:502,0
DA:504,0
DA:505,0
DA:507,0
DA:508,0
DA:509,0
DA:510,0
DA:512,0
DA:515,0
DA:520,0
DA:523,1
DA:524,0
DA:526,0
DA:528,0
DA:533,1
DA:534,0
DA:536,0
DA:538,0
DA:539,0
DA:540,0
DA:542,0
DA:543,0
DA:544,0
DA:545,0
DA:547,0
DA:550,0
DA:556,0
DA:558,0
DA:564,0
DA:568,0
DA:569,0
DA:571,0
DA:576,1
DA:577,1
DA:578,1
DA:579,1
DA:580,1
DA:581,1
DA:582,1
DA:583,1
DA:584,1
DA:585,1
DA:586,1
DA:587,1
DA:588,1
DA:589,1
DA:590,1
DA:591,1
DA:592,1
DA:593,1
DA:594,1
DA:595,1
LF:252
LH:169
BRDA:76,0,0,473
BRDA:76,0,1,125
BRDA:91,1,0,0
BRDA:91,1,1,454
BRDA:94,2,0,0
BRDA:94,2,1,454
BRDA:108,3,0,0
BRDA:108,3,1,454
BRDA:111,4,0,0
BRDA:111,4,1,454
BRDA:115,5,0,0
BRDA:115,5,1,454
BRDA:119,6,0,0
BRDA:119,6,1,454
BRDA:122,7,0,0
BRDA:122,7,1,454
BRDA:125,8,0,0
BRDA:125,8,1,454
BRDA:132,9,0,0
BRDA:132,9,1,49
BRDA:135,10,0,0
BRDA:135,10,1,49
BRDA:138,11,0,0
BRDA:138,11,1,49
BRDA:149,12,0,454
BRDA:149,12,1,411
BRDA:153,13,0,24
BRDA:153,13,1,430
BRDA:154,14,0,10
BRDA:154,14,1,14
BRDA:162,15,0,430
BRDA:162,15,1,395
BRDA:165,16,0,430
BRDA:165,16,1,430
BRDA:168,17,0,430
BRDA:168,17,1,430
BRDA:169,18,0,430
BRDA:169,18,1,251
BRDA:172,19,0,0
BRDA:172,19,1,430
BRDA:177,20,0,51
BRDA:177,20,1,379
BRDA:178,21,0,0
BRDA:178,21,1,51
BRDA:181,22,0,37
BRDA:181,22,1,14
BRDA:193,23,0,442
BRDA:193,23,1,12
BRDA:205,24,0,454
BRDA:205,24,1,441
BRDA:207,25,0,3
BRDA:207,25,1,451
BRDA:235,26,0,46
BRDA:235,26,1,0
BRDA:252,27,0,49
BRDA:252,27,1,31
BRDA:258,28,0,49
BRDA:258,28,1,49
BRDA:260,29,0,49
BRDA:260,29,1,43
BRDA:261,30,0,49
BRDA:261,30,1,43
BRDA:262,31,0,49
BRDA:262,31,1,49
BRDA:333,32,0,0
BRDA:333,32,1,0
BRDA:348,33,0,0
BRDA:348,33,1,6
BRDA:354,34,0,0
BRDA:354,34,1,6
BRDA:361,35,0,0
BRDA:361,35,1,0
BRDA:361,36,0,0
BRDA:361,36,1,0
BRDA:455,37,0,0
BRDA:455,37,1,1
BRDA:469,38,0,0
BRDA:469,38,1,0
BRDA:471,39,0,0
BRDA:471,39,1,0
BRDA:504,40,0,0
BRDA:504,40,1,0
BRDA:507,41,0,0
BRDA:507,41,1,0
BRDA:509,42,0,0
BRDA:509,42,1,0
BRDA:542,43,0,0
BRDA:542,43,1,0
BRDA:544,44,0,0
BRDA:544,44,1,0
BRDA:568,45,0,0
BRDA:568,45,1,0
BRF:92
BRH:53
end_of_record
TN:
SF:/home/denys/Documents/cf-api/utils/array_utils.js
FN:24,flattenArrayOfArrays
FNF:1
FNH:1
FNDA:12,flattenArrayOfArrays
DA:25,12
DA:26,12
DA:27,32
DA:28,6
DA:30,26
DA:33,12
DA:41,2
LF:7
LH:7
BRDA:25,0,0,6
BRDA:25,0,1,6
BRDA:27,1,0,6
BRDA:27,1,1,26
BRF:4
BRH:4
end_of_record
TN:
SF:/home/denys/Documents/cf-api/utils/class_utils.js
FN:26,getAllMethodNames
FN:30,(anonymous_1)
FN:48,(anonymous_2)
FN:63,addPromiseRetriesToClassInstance
FN:98,(anonymous_4)
FN:102,(anonymous_5)
FN:109,(anonymous_6)
FN:112,(anonymous_7)
FNF:8
FNH:7
FNDA:1459,getAllMethodNames
FNDA:96461,(anonymous_1)
FNDA:0,(anonymous_2)
FNDA:729,addPromiseRetriesToClassInstance
FNDA:92,(anonymous_4)
FNDA:102,(anonymous_5)
FNDA:70,(anonymous_6)
FNDA:32,(anonymous_7)
DA:13,63
DA:16,63
DA:17,63
DA:27,1459
DA:30,1459
DA:31,96461
DA:38,1459
DA:44,4649
DA:48,0
DA:56,4649
DA:59,1459
DA:91,729
DA:94,31316
DA:97,12212
DA:98,12212
DA:101,92
DA:104,102
DA:107,102
DA:110,70
DA:115,32
DA:118,12
DA:123,20
DA:131,92
DA:134,12212
DA:144,63
LF:25
LH:24
BRDA:31,0,0,96461
BRDA:31,0,1,95003
BRDA:31,0,2,91813
BRDA:31,0,3,88624
BRDA:31,0,4,91813
BRDA:66,1,0,0
BRDA:94,2,0,12212
BRDA:94,2,1,19104
BRDA:94,3,0,31316
BRDA:94,3,1,14532
BRDA:115,4,0,12
BRDA:115,4,1,20
BRF:12
BRH:11
end_of_record
TN:
SF:/home/denys/Documents/cf-api/utils/object_utils.js
FN:17,getAllKeyValuesInObjectTree
FN:23,(anonymous_1)
FNF:2
FNH:2
FNDA:110,getAllKeyValuesInObjectTree
FNDA:203,(anonymous_1)
DA:11,1
DA:19,110
DA:20,0
DA:23,110
DA:25,203
DA:26,73
DA:30,110
DA:38,1
LF:8
LH:7
BRDA:17,0,0,37
BRDA:19,1,0,0
BRDA:19,1,1,110
BRDA:25,2,0,73
BRDA:25,2,1,130
BRF:5
BRH:4
end_of_record
TN:
SF:/home/denys/Documents/cf-api/workflow/file/Plan.js
FN:11,(anonymous_0)
FN:13,(anonymous_1)
FN:16,(anonymous_2)
FN:17,(anonymous_3)
FN:18,(anonymous_4)
FN:22,(anonymous_5)
FNF:6
FNH:6
FNDA:24,(anonymous_0)
FNDA:23,(anonymous_1)
FNDA:23,(anonymous_2)
FNDA:1,(anonymous_3)
FNDA:1,(anonymous_4)
FNDA:1,(anonymous_5)
DA:3,3
DA:4,3
DA:5,3
DA:11,3
DA:12,24
DA:14,23
DA:17,23
DA:18,1
DA:19,1
DA:22,23
LF:10
LH:10
BRF:0
BRH:0
end_of_record
TN:
SF:/home/denys/Documents/cf-api/workflow/file/planner/Planner-1.0.js
FN:28,_verifyIdentifierName
FN:39,_getRegularExpressions
FN:53,_getConditions
FN:85,_parseRegularExpressionsAttribute
FN:106,_parseConditionsMapping
FN:125,_verifyStepProperty
FN:150,(anonymous_6)
FN:155,(anonymous_7)
FN:160,(anonymous_8)
FN:199,(anonymous_9)
FN:201,(anonymous_10)
FN:210,_getStepPromises
FN:211,(anonymous_12)
FN:232,untypedStep
FN:236,(anonymous_14)
FN:255,typedStep
FN:259,(anonymous_16)
FN:295,transformCoreAttributes
FN:403,isClone
FN:407,isBuild
FN:411,isDeployStep
FN:415,isComposition
FN:419,isLaunchComposition
FN:423,isPush
FN:427,isParallel
FN:431,isTravis
FN:435,isSimpleTravis
FN:439,isIntegrationTest
FN:443,isPushTag
FN:448,prepareRegistry
FN:450,isDomainName
FN:454,getRegistryAndRepositoryFrom
FN:529,(anonymous_32)
FN:601,prepareClone
FN:626,prepareBuild
FN:688,prepareComposition
FN:712,(anonymous_36)
FN:714,(anonymous_37)
FN:751,prepareDeployStep
FN:755,prepareParallel
FN:762,(anonymous_40)
FN:769,prepareLaunchComposition
FN:785,cloneCompositionContent
FN:834,cloneCompositionVariables
FN:846,initStepInfo
FN:864,preparePush
FN:877,preparePushTag
FN:884,prepareTravis
FN:924,prepareSimpleTravis
FN:1007,(anonymous_49)
FN:1039,prepareIntegrationTest
FN:1176,(anonymous_51)
FN:1218,initialCloneRequired
FN:1227,prepareInitialClone
FN:1251,mapKeyValueArrayToHash
FN:1253,(anonymous_55)
FNF:56
FNH:55
FNDA:132,_verifyIdentifierName
FNDA:6,_getRegularExpressions
FNDA:5,_getConditions
FNDA:20,_parseRegularExpressionsAttribute
FNDA:14,_parseConditionsMapping
FNDA:15,_verifyStepProperty
FNDA:49,(anonymous_6)
FNDA:3,(anonymous_7)
FNDA:46,(anonymous_8)
FNDA:38,(anonymous_9)
FNDA:116,(anonymous_10)
FNDA:47,_getStepPromises
FNDA:127,(anonymous_12)
FNDA:15,untypedStep
FNDA:15,(anonymous_14)
FNDA:112,typedStep
FNDA:107,(anonymous_16)
FNDA:127,transformCoreAttributes
FNDA:107,isClone
FNDA:90,isBuild
FNDA:70,isDeployStep
FNDA:70,isComposition
FNDA:46,isLaunchComposition
FNDA:43,isPush
FNDA:22,isParallel
FNDA:20,isTravis
FNDA:15,isSimpleTravis
FNDA:10,isIntegrationTest
FNDA:5,isPushTag
FNDA:26,prepareRegistry
FNDA:26,isDomainName
FNDA:5,getRegistryAndRepositoryFrom
FNDA:7,(anonymous_32)
FNDA:17,prepareClone
FNDA:20,prepareBuild
FNDA:39,prepareComposition
FNDA:8,(anonymous_36)
FNDA:16,(anonymous_37)
FNDA:0,prepareDeployStep
FNDA:2,prepareParallel
FNDA:2,(anonymous_40)
FNDA:3,prepareLaunchComposition
FNDA:42,cloneCompositionContent
FNDA:40,cloneCompositionVariables
FNDA:26,initStepInfo
FNDA:21,preparePush
FNDA:5,preparePushTag
FNDA:5,prepareTravis
FNDA:5,prepareSimpleTravis
FNDA:15,(anonymous_49)
FNDA:5,prepareIntegrationTest
FNDA:25,(anonymous_51)
FNDA:45,initialCloneRequired
FNDA:20,prepareInitialClone
FNDA:32,mapKeyValueArrayToHash
FNDA:56,(anonymous_55)
DA:7,1
DA:8,1
DA:9,1
DA:10,1
DA:11,1
DA:12,1
DA:13,1
DA:14,1
DA:15,1
DA:16,1
DA:24,1
DA:25,1
DA:29,132
DA:31,132
DA:33,95
DA:41,6
DA:43,6
DA:45,3
DA:46,10
DA:50,6
DA:55,5
DA:57,5
DA:62,3
DA:63,5
DA:65,5
DA:67,5
DA:70,5
DA:72,5
DA:73,0
DA:74,0
DA:77,5
DA:82,5
DA:88,20
DA:91,6
DA:94,6
DA:95,3
DA:97,3
DA:108,14
DA:109,5
DA:111,5
DA:112,3
DA:114,2
DA:126,15
DA:127,0
DA:151,49
DA:152,49
DA:156,3
DA:162,46
DA:163,1
DA:168,45
DA:169,45
DA:170,0
DA:175,45
DA:177,45
DA:179,45
DA:180,0
DA:183,45
DA:184,0
DA:187,45
DA:188,0
DA:193,45
DA:194,20
DA:198,45
DA:201,38
DA:202,116
DA:204,38
DA:211,47
DA:212,127
DA:215,127
DA:217,127
DA:221,127
DA:222,112
DA:224,15
DA:227,127
DA:235,15
DA:237,15
DA:238,15
DA:239,15
DA:240,15
DA:241,15
DA:242,15
DA:243,15
DA:245,15
DA:246,0
DA:248,15
DA:258,112
DA:263,107
DA:264,17
DA:265,90
DA:266,20
DA:267,70
DA:268,0
DA:269,70
DA:270,24
DA:271,46
DA:272,3
DA:273,43
DA:274,21
DA:275,22
DA:276,2
DA:277,20
DA:278,5
DA:279,15
DA:280,5
DA:281,10
DA:282,5
DA:283,5
DA:284,5
DA:286,0
DA:296,127
DA:298,127
DA:299,112
DA:302,127
DA:303,17
DA:306,110
DA:309,127
DA:310,8
DA:313,127
DA:314,49
DA:315,78
DA:317,1
DA:318,1
DA:322,127
DA:323,0
DA:324,0
DA:328,127
DA:329,2
DA:332,127
DA:333,9
DA:334,118
DA:336,0
DA:337,0
DA:340,127
DA:341,9
DA:342,118
DA:344,0
DA:345,0
DA:348,127
DA:349,9
DA:350,118
DA:352,0
DA:353,0
DA:356,127
DA:369,11
DA:370,11
DA:371,9
DA:372,8
DA:373,6
DA:374,6
DA:375,0
DA:378,5
DA:382,122
DA:383,1
DA:384,121
DA:386,33
DA:387,33
DA:390,122
DA:391,10
DA:394,122
DA:395,122
DA:396,0
DA:398,122
DA:404,107
DA:408,90
DA:412,70
DA:416,70
DA:420,46
DA:424,43
DA:428,22
DA:432,20
DA:436,15
DA:440,10
DA:444,5
DA:451,26
DA:455,5
DA:456,5
DA:458,5
DA:459,0
DA:461,5
DA:466,26
DA:468,26
DA:469,26
DA:470,26
DA:474,26
DA:477,5
DA:478,5
DA:479,5
DA:481,5
DA:487,5
DA:496,5
DA:497,21
DA:500,0
DA:501,0
DA:505,0
DA:506,0
DA:507,0
DA:508,0
DA:511,0
DA:519,0
DA:520,21
DA:529,7
DA:531,7
DA:532,7
DA:538,7
DA:539,7
DA:544,0
DA:550,7
DA:554,26
DA:555,0
DA:556,0
DA:558,0
DA:566,26
DA:567,5
DA:569,5
DA:570,0
DA:571,0
DA:572,5
DA:573,0
DA:581,26
DA:582,14
DA:583,0
DA:589,14
DA:590,14
DA:591,14
DA:593,0
DA:597,26
DA:602,17
DA:604,17
DA:605,17
DA:606,17
DA:607,2
DA:609,15
DA:610,7
DA:611,0
DA:613,7
DA:615,7
DA:616,7
DA:622,17
DA:627,20
DA:628,8
DA:629,7
DA:631,1
DA:634,12
DA:639,20
DA:640,20
DA:641,0
DA:643,0
DA:644,0
DA:647,20
DA:648,10
DA:649,10
DA:650,10
DA:653,20
DA:654,5
DA:657,20
DA:658,8
DA:659,8
DA:660,12
DA:662,0
DA:663,0
DA:664,0
DA:667,20
DA:668,5
DA:671,20
DA:672,20
DA:673,0
DA:676,20
DA:678,20
DA:679,0
DA:682,20
DA:684,20
DA:689,39
DA:690,39
DA:692,1
DA:695,38
DA:697,38
DA:698,15
DA:699,23
DA:701,22
DA:702,22
DA:705,38
DA:706,1
DA:711,37
DA:712,6
DA:713,8
DA:714,8
DA:715,16
DA:719,37
DA:720,37
DA:722,37
DA:724,37
DA:726,0
DA:727,0
DA:728,0
DA:739,0
DA:741,0
DA:747,37
DA:748,37
DA:752,0
DA:757,2
DA:758,1
DA:761,2
DA:763,2
DA:764,2
DA:770,3
DA:772,3
DA:773,3
DA:775,0
DA:778,3
DA:779,3
DA:781,3
DA:786,42
DA:787,42
DA:788,16
DA:789,26
DA:790,25
DA:792,1
DA:796,41
DA:797,41
DA:799,41
DA:800,6
DA:803,41
DA:804,0
DA:805,41
DA:807,5
DA:808,5
DA:811,41
DA:812,0
DA:814,41
DA:816,1
DA:818,1
DA:821,41
DA:822,0
DA:825,41
DA:826,1
DA:827,40
DA:829,0
DA:830,0
DA:835,40
DA:836,24
DA:837,24
DA:838,16
DA:840,0
DA:841,0
DA:842,0
DA:847,26
DA:849,26
DA:850,26
DA:852,26
DA:853,21
DA:857,26
DA:859,26
DA:860,26
DA:867,21
DA:868,0
DA:872,21
DA:873,21
DA:874,21
DA:878,5
DA:879,5
DA:880,5
DA:887,5
DA:890,5
DA:891,5
DA:894,5
DA:899,5
DA:904,5
DA:907,5
DA:908,5
DA:909,5
DA:910,5
DA:911,5
DA:919,5
DA:927,5
DA:930,5
DA:931,5
DA:933,5
DA:1007,15
DA:1010,5
DA:1015,5
DA:1020,5
DA:1023,5
DA:1024,5
DA:1025,5
DA:1026,5
DA:1027,5
DA:1035,5
DA:1042,5
DA:1045,5
DA:1048,5
DA:1051,5
DA:1054,5
DA:1129,5
DA:1130,5
DA:1131,15
DA:1135,5
DA:1138,5
DA:1146,5
DA:1176,5
DA:1177,25
DA:1180,5
DA:1183,5
DA:1187,0
DA:1190,5
DA:1191,5
DA:1193,5
DA:1198,5
DA:1201,5
DA:1202,5
DA:1203,5
DA:1204,5
DA:1205,5
DA:1206,5
DA:1208,5
DA:1209,5
DA:1210,5
DA:1211,5
DA:1214,5
DA:1219,45
DA:1220,45
DA:1221,21
DA:1223,45
DA:1228,20
DA:1229,20
DA:1245,20
DA:1246,0
DA:1248,20
DA:1252,32
DA:1253,32
DA:1255,56
DA:1257,56
DA:1258,56
DA:1259,56
DA:1261,56
DA:1264,32
DA:1267,1
LF:436
LH:371
BRDA:31,0,0,95
BRDA:31,0,1,37
BRDA:43,1,0,3
BRDA:43,1,1,3
BRDA:43,2,0,6
BRDA:43,2,1,3
BRDA:57,3,0,3
BRDA:57,3,1,2
BRDA:57,4,0,5
BRDA:57,4,1,4
BRDA:57,4,2,4
BRDA:57,4,3,3
BRDA:65,5,0,5
BRDA:65,5,1,0
BRDA:72,6,0,0
BRDA:72,6,1,5
BRDA:88,7,0,6
BRDA:88,7,1,14
BRDA:94,8,0,3
BRDA:94,8,1,3
BRDA:108,9,0,5
BRDA:108,9,1,9
BRDA:111,10,0,3
BRDA:111,10,1,2
BRDA:126,11,0,0
BRDA:126,11,1,15
BRDA:162,12,0,1
BRDA:162,12,1,45
BRDA:169,13,0,0
BRDA:169,13,1,45
BRDA:179,14,0,0
BRDA:179,14,1,45
BRDA:183,15,0,0
BRDA:183,15,1,45
BRDA:187,16,0,0
BRDA:187,16,1,45
BRDA:193,17,0,20
BRDA:193,17,1,25
BRDA:221,18,0,112
BRDA:221,18,1,15
BRDA:241,19,0,15
BRDA:241,19,1,13
BRDA:245,20,0,0
BRDA:245,20,1,15
BRDA:263,21,0,17
BRDA:263,21,1,90
BRDA:265,22,0,20
BRDA:265,22,1,70
BRDA:267,23,0,0
BRDA:267,23,1,70
BRDA:269,24,0,24
BRDA:269,24,1,46
BRDA:271,25,0,3
BRDA:271,25,1,43
BRDA:273,26,0,21
BRDA:273,26,1,22
BRDA:275,27,0,2
BRDA:275,27,1,20
BRDA:277,28,0,5
BRDA:277,28,1,15
BRDA:279,29,0,5
BRDA:279,29,1,10
BRDA:281,30,0,5
BRDA:281,30,1,5
BRDA:283,31,0,5
BRDA:283,31,1,0
BRDA:298,32,0,112
BRDA:298,32,1,15
BRDA:302,33,0,17
BRDA:302,33,1,110
BRDA:309,34,0,8
BRDA:309,34,1,119
BRDA:313,35,0,49
BRDA:313,35,1,78
BRDA:315,36,0,1
BRDA:315,36,1,77
BRDA:322,37,0,0
BRDA:322,37,1,127
BRDA:328,38,0,2
BRDA:328,38,1,125
BRDA:332,39,0,9
BRDA:332,39,1,118
BRDA:334,40,0,0
BRDA:334,40,1,118
BRDA:340,41,0,9
BRDA:340,41,1,118
BRDA:342,42,0,0
BRDA:342,42,1,118
BRDA:348,43,0,9
BRDA:348,43,1,118
BRDA:350,44,0,0
BRDA:350,44,1,118
BRDA:356,45,0,11
BRDA:356,45,1,116
BRDA:374,46,0,0
BRDA:374,46,1,6
BRDA:382,47,0,1
BRDA:382,47,1,121
BRDA:384,48,0,33
BRDA:384,48,1,88
BRDA:390,49,0,10
BRDA:390,49,1,112
BRDA:395,50,0,0
BRDA:395,50,1,122
BRDA:451,51,0,26
BRDA:451,51,1,5
BRDA:451,51,2,5
BRDA:458,52,0,0
BRDA:458,52,1,5
BRDA:474,53,0,5
BRDA:474,53,1,21
BRDA:497,54,0,0
BRDA:497,54,1,21
BRDA:505,55,0,0
BRDA:505,55,1,0
BRDA:507,56,0,0
BRDA:507,56,1,0
BRDA:516,57,0,0
BRDA:516,57,1,0
BRDA:520,58,0,7
BRDA:520,58,1,14
BRDA:520,59,0,21
BRDA:520,59,1,21
BRDA:520,59,2,21
BRDA:520,59,3,21
BRDA:538,60,0,7
BRDA:538,60,1,0
BRDA:554,61,0,0
BRDA:554,61,1,26
BRDA:554,62,0,26
BRDA:554,62,1,14
BRDA:555,63,0,0
BRDA:555,63,1,0
BRDA:566,64,0,5
BRDA:566,64,1,21
BRDA:566,65,0,26
BRDA:566,65,1,14
BRDA:566,65,2,14
BRDA:569,66,0,0
BRDA:569,66,1,5
BRDA:569,67,0,5
BRDA:569,67,1,0
BRDA:572,68,0,0
BRDA:572,68,1,5
BRDA:581,69,0,14
BRDA:581,69,1,12
BRDA:582,70,0,0
BRDA:582,70,1,14
BRDA:590,71,0,14
BRDA:590,71,1,0
BRDA:606,72,0,2
BRDA:606,72,1,15
BRDA:609,73,0,7
BRDA:609,73,1,8
BRDA:610,74,0,0
BRDA:610,74,1,7
BRDA:627,75,0,8
BRDA:627,75,1,12
BRDA:628,76,0,7
BRDA:628,76,1,1
BRDA:639,77,0,20
BRDA:639,77,1,0
BRDA:641,78,0,0
BRDA:641,78,1,0
BRDA:647,79,0,10
BRDA:647,79,1,10
BRDA:649,80,0,10
BRDA:649,80,1,0
BRDA:653,81,0,5
BRDA:653,81,1,15
BRDA:657,82,0,8
BRDA:657,82,1,12
BRDA:660,83,0,0
BRDA:660,83,1,12
BRDA:667,84,0,5
BRDA:667,84,1,15
BRDA:672,85,0,0
BRDA:672,85,1,20
BRDA:678,86,0,0
BRDA:678,86,1,20
BRDA:697,87,0,15
BRDA:697,87,1,23
BRDA:699,88,0,22
BRDA:699,88,1,1
BRDA:705,89,0,1
BRDA:705,89,1,37
BRDA:711,90,0,6
BRDA:711,90,1,31
BRDA:720,91,0,37
BRDA:720,91,1,37
BRDA:726,92,0,0
BRDA:726,92,1,0
BRDA:728,93,0,0
BRDA:728,93,1,0
BRDA:728,94,0,0
BRDA:728,94,1,0
BRDA:728,94,2,0
BRDA:757,95,0,1
BRDA:757,95,1,1
BRDA:779,96,0,3
BRDA:779,96,1,3
BRDA:787,97,0,16
BRDA:787,97,1,26
BRDA:789,98,0,25
BRDA:789,98,1,1
BRDA:789,99,0,26
BRDA:789,99,1,26
BRDA:789,99,2,25
BRDA:799,100,0,6
BRDA:799,100,1,35
BRDA:803,101,0,0
BRDA:803,101,1,41
BRDA:805,102,0,5
BRDA:805,102,1,36
BRDA:811,103,0,0
BRDA:811,103,1,41
BRDA:814,104,0,1
BRDA:814,104,1,40
BRDA:821,105,0,0
BRDA:821,105,1,41
BRDA:825,106,0,1
BRDA:825,106,1,40
BRDA:827,107,0,0
BRDA:827,107,1,40
BRDA:835,108,0,24
BRDA:835,108,1,16
BRDA:838,109,0,0
BRDA:838,109,1,16
BRDA:852,110,0,21
BRDA:852,110,1,5
BRDA:867,111,0,0
BRDA:867,111,1,21
BRDA:1146,112,0,5
BRDA:1146,112,1,0
BRDA:1220,113,0,21
BRDA:1220,113,1,24
BRDA:1233,114,0,20
BRDA:1233,114,1,19
BRDA:1233,115,0,20
BRDA:1233,115,1,19
BRDA:1245,116,0,0
BRDA:1245,116,1,20
BRDA:1257,117,0,56
BRDA:1257,117,1,0
BRF:244
BRH:187
end_of_record
TN:
SF:/home/denys/Documents/cf-api/workflow/file/planner/Planner.js
FN:17,(anonymous_0)
FN:19,(anonymous_1)
FNF:2
FNH:2
FNDA:25,(anonymous_0)
FNDA:1,(anonymous_1)
DA:3,1
DA:4,1
DA:5,1
DA:6,1
DA:7,1
DA:13,1
DA:17,1
DA:18,25
DA:19,1
DA:20,1
DA:22,1
DA:24,24
DA:25,24
DA:26,23
DA:28,1
LF:15
LH:15
BRDA:18,0,0,1
BRDA:18,0,1,24
BRDA:25,1,0,23
BRDA:25,1,1,1
BRF:4
BRH:4
end_of_record
TN:
SF:/home/denys/Documents/cf-api/workflow/file/planner/post/Compositions.js
FN:25,(anonymous_0)
FN:29,(anonymous_1)
FN:33,(anonymous_2)
FN:37,(anonymous_3)
FN:45,(anonymous_4)
FN:59,(anonymous_5)
FN:61,(anonymous_6)
FN:65,(anonymous_7)
FN:69,(anonymous_8)
FN:78,(anonymous_9)
FN:79,(anonymous_10)
FN:83,(anonymous_11)
FN:92,(anonymous_12)
FN:101,(anonymous_13)
FN:110,(anonymous_14)
FN:113,(anonymous_15)
FN:117,(anonymous_16)
FN:128,(anonymous_17)
FN:134,(anonymous_18)
FN:142,(anonymous_19)
FN:145,(anonymous_20)
FN:148,(anonymous_21)
FN:156,(anonymous_22)
FN:160,(anonymous_23)
FN:163,(anonymous_24)
FN:169,(anonymous_25)
FN:186,(anonymous_26)
FN:188,(anonymous_27)
FN:194,(anonymous_28)
FN:197,(anonymous_29)
FN:210,(anonymous_30)
FN:211,(anonymous_31)
FN:225,(anonymous_32)
FNF:33
FNH:27
FNDA:8,(anonymous_0)
FNDA:2,(anonymous_1)
FNDA:6,(anonymous_2)
FNDA:6,(anonymous_3)
FNDA:1,(anonymous_4)
FNDA:4,(anonymous_5)
FNDA:4,(anonymous_6)
FNDA:4,(anonymous_7)
FNDA:4,(anonymous_8)
FNDA:4,(anonymous_9)
FNDA:0,(anonymous_10)
FNDA:0,(anonymous_11)
FNDA:0,(anonymous_12)
FNDA:4,(anonymous_13)
FNDA:1,(anonymous_14)
FNDA:0,(anonymous_15)
FNDA:0,(anonymous_16)
FNDA:5,(anonymous_17)
FNDA:3,(anonymous_18)
FNDA:5,(anonymous_19)
FNDA:5,(anonymous_20)
FNDA:1,(anonymous_21)
FNDA:6,(anonymous_22)
FNDA:4,(anonymous_23)
FNDA:1,(anonymous_24)
FNDA:6,(anonymous_25)
FNDA:3,(anonymous_26)
FNDA:0,(anonymous_27)
FNDA:3,(anonymous_28)
FNDA:3,(anonymous_29)
FNDA:3,(anonymous_30)
FNDA:5,(anonymous_31)
FNDA:4,(anonymous_32)
DA:3,6
DA:4,6
DA:5,6
DA:6,6
DA:7,6
DA:8,6
DA:9,6
DA:10,6
DA:11,6
DA:12,6
DA:13,6
DA:14,6
DA:15,6
DA:16,6
DA:17,6
DA:26,8
DA:30,2
DA:34,6
DA:35,6
DA:36,6
DA:38,6
DA:43,5
DA:44,5
DA:49,1
DA:51,1
DA:57,0
DA:60,4
DA:62,4
DA:67,4
DA:70,4
DA:71,4
DA:72,4
DA:73,4
DA:74,4
DA:76,4
DA:79,4
DA:80,4
DA:81,0
DA:82,0
DA:83,0
DA:84,0
DA:89,4
DA:93,0
DA:94,0
DA:99,0
DA:102,4
DA:103,4
DA:105,4
DA:109,1
DA:111,1
DA:114,0
DA:115,0
DA:118,0
DA:123,0
DA:129,5
DA:130,5
DA:131,3
DA:135,3
DA:136,3
DA:139,2
DA:143,5
DA:146,5
DA:149,1
DA:150,1
DA:152,0
DA:157,6
DA:161,4
DA:162,1
DA:163,1
DA:164,1
DA:166,1
DA:169,3
DA:170,6
DA:171,6
DA:172,3
DA:173,3
DA:174,1
DA:187,3
DA:189,0
DA:195,3
DA:198,3
DA:211,3
DA:212,5
DA:213,5
DA:214,1
DA:216,4
DA:217,4
DA:218,4
DA:219,4
DA:220,3
DA:226,4
DA:227,4
DA:229,4
DA:230,4
DA:232,0
DA:237,6
LF:96
LH:81
BRDA:38,0,0,5
BRDA:38,0,1,1
BRDA:49,1,0,1
BRDA:49,1,1,0
BRDA:73,2,0,4
BRDA:73,2,1,0
BRDA:80,3,0,0
BRDA:80,3,1,4
BRDA:93,4,0,0
BRDA:93,4,1,0
BRDA:103,5,0,4
BRDA:103,5,1,4
BRDA:114,6,0,0
BRDA:114,6,1,0
BRDA:130,7,0,3
BRDA:130,7,1,2
BRDA:149,8,0,1
BRDA:149,8,1,0
BRDA:161,9,0,1
BRDA:161,9,1,3
BRDA:171,10,0,3
BRDA:171,10,1,3
BRDA:173,11,0,1
BRDA:173,11,1,2
BRDA:213,12,0,1
BRDA:213,12,1,4
BRDA:219,13,0,3
BRDA:219,13,1,1
BRDA:229,14,0,4
BRDA:229,14,1,0
BRF:30
BRH:21
end_of_record
TN:
SF:/home/denys/Documents/cf-api/workflow/file/planner/post/Environments.js
FN:14,(anonymous_0)
FN:18,(anonymous_1)
FN:22,(anonymous_2)
FN:35,(anonymous_3)
FNF:4
FNH:4
FNDA:7,(anonymous_0)
FNDA:3,(anonymous_1)
FNDA:4,(anonymous_2)
FNDA:3,(anonymous_3)
DA:3,5
DA:4,5
DA:5,5
DA:6,5
DA:7,5
DA:15,7
DA:19,3
DA:23,4
DA:24,1
DA:26,3
DA:27,3
DA:34,3
DA:36,3
DA:40,3
DA:41,1
DA:54,5
LF:16
LH:16
BRDA:23,0,0,1
BRDA:23,0,1,3
BRDA:40,1,0,1
BRDA:40,1,1,2
BRF:4
BRH:4
end_of_record
TN:
SF:/home/denys/Documents/cf-api/workflow/file/planner/post/PostPlanner.js
FN:13,(anonymous_0)
FN:18,(anonymous_1)
FN:20,(anonymous_2)
FN:23,(anonymous_3)
FN:28,(anonymous_4)
FNF:5
FNH:5
FNDA:2,(anonymous_0)
FNDA:2,(anonymous_1)
FNDA:4,(anonymous_2)
FNDA:2,(anonymous_3)
FNDA:2,(anonymous_4)
DA:3,3
DA:4,3
DA:5,3
DA:6,3
DA:14,2
DA:15,2
DA:19,2
DA:20,2
DA:21,4
DA:22,4
DA:23,2
DA:24,2
DA:28,2
DA:32,3
LF:14
LH:14
BRDA:22,0,0,2
BRDA:22,0,1,2
BRF:2
BRH:2
end_of_record
TN:
SF:/home/denys/Documents/cf-api/workflow/util/WorkflowFeatures.js
FN:27,(anonymous_0)
FN:29,(anonymous_1)
FNF:2
FNH:2
FNDA:2,(anonymous_0)
FNDA:2,(anonymous_1)
DA:9,3
DA:10,3
DA:11,3
DA:12,3
DA:13,3
DA:28,2
DA:30,2
DA:31,1
DA:33,1
DA:39,3
LF:10
LH:10
BRDA:30,0,0,1
BRDA:30,0,1,1
BRF:2
BRH:2
end_of_record
